[ 2015-12-20T18:41:26+08:00 ] 127.0.0.1 /hicms/index.php/Admin/System/menuList.html?v=4.0
INFO: [ app_init ] --START--
INFO: Run Behavior\BuildLiteBehavior [ RunTime:0.000037s ]
INFO: [ app_init ] --END-- [ RunTime:0.000213s ]
INFO: [ app_begin ] --START--
INFO: Run Behavior\ReadHtmlCacheBehavior [ RunTime:0.001843s ]
INFO: [ app_begin ] --END-- [ RunTime:0.002389s ]
SQL: SHOW COLUMNS FROM `stoa_menu` [ RunTime:0.0243s ]
SQL: SELECT * FROM `stoa_menu` WHERE `id` = 0 LIMIT 1   [ RunTime:0.0240s ]
INFO: [ view_parse ] --START--
INFO: [ template_filter ] --START--
INFO: Run Behavior\ContentReplaceBehavior [ RunTime:0.000770s ]
INFO: [ template_filter ] --END-- [ RunTime:0.001466s ]
INFO: Run Behavior\ParseTemplateBehavior [ RunTime:0.014574s ]
INFO: [ view_parse ] --END-- [ RunTime:0.014955s ]
INFO: [ view_filter ] --START--
INFO: Run Behavior\WriteHtmlCacheBehavior [ RunTime:0.001262s ]
INFO: [ view_filter ] --END-- [ RunTime:0.001513s ]
INFO: [ app_end ] --START--
INFO: Run Behavior\ShowPageTraceBehavior [ RunTime:0.001407s ]
INFO: [ app_end ] --END-- [ RunTime:0.001704s ]

[ 2015-12-20T18:41:29+08:00 ] 127.0.0.1 /hicms/index.php/Admin/System/menuList.html
INFO: [ app_init ] --START--
INFO: Run Behavior\BuildLiteBehavior [ RunTime:0.000047s ]
INFO: [ app_init ] --END-- [ RunTime:0.000328s ]
INFO: [ app_begin ] --START--
INFO: Run Behavior\ReadHtmlCacheBehavior [ RunTime:0.001016s ]
INFO: [ app_begin ] --END-- [ RunTime:0.001207s ]
SQL: SHOW COLUMNS FROM `stoa_menu` [ RunTime:0.0195s ]
SQL: SELECT `id`,`name` as `text`,`listorder`,`id` as `operateid`,`is_system` FROM `stoa_menu` WHERE `parentid` = 0 ORDER BY `listorder` ASC,`id` DESC  [ RunTime:0.0215s ]
SQL: SELECT `id`,`name` as `text`,`listorder`,`id` as `operateid`,`is_system` FROM `stoa_menu` WHERE `parentid` = 53 ORDER BY `listorder` ASC,`id` DESC  [ RunTime:0.0203s ]
SQL: SELECT `id`,`name` as `text`,`listorder`,`id` as `operateid`,`is_system` FROM `stoa_menu` WHERE `parentid` = 55 ORDER BY `listorder` ASC,`id` DESC  [ RunTime:0.0207s ]
SQL: SELECT `id`,`name` as `text`,`listorder`,`id` as `operateid`,`is_system` FROM `stoa_menu` WHERE `parentid` = 60 ORDER BY `listorder` ASC,`id` DESC  [ RunTime:0.0195s ]
SQL: SELECT `id`,`name` as `text`,`listorder`,`id` as `operateid`,`is_system` FROM `stoa_menu` WHERE `parentid` = 59 ORDER BY `listorder` ASC,`id` DESC  [ RunTime:0.0198s ]
SQL: SELECT `id`,`name` as `text`,`listorder`,`id` as `operateid`,`is_system` FROM `stoa_menu` WHERE `parentid` = 56 ORDER BY `listorder` ASC,`id` DESC  [ RunTime:0.0204s ]
SQL: SELECT `id`,`name` as `text`,`listorder`,`id` as `operateid`,`is_system` FROM `stoa_menu` WHERE `parentid` = 54 ORDER BY `listorder` ASC,`id` DESC  [ RunTime:0.0204s ]
SQL: SELECT `id`,`name` as `text`,`listorder`,`id` as `operateid`,`is_system` FROM `stoa_menu` WHERE `parentid` = 48 ORDER BY `listorder` ASC,`id` DESC  [ RunTime:0.0195s ]
SQL: SELECT `id`,`name` as `text`,`listorder`,`id` as `operateid`,`is_system` FROM `stoa_menu` WHERE `parentid` = 67 ORDER BY `listorder` ASC,`id` DESC  [ RunTime:0.0198s ]
SQL: SELECT `id`,`name` as `text`,`listorder`,`id` as `operateid`,`is_system` FROM `stoa_menu` WHERE `parentid` = 69 ORDER BY `listorder` ASC,`id` DESC  [ RunTime:0.0198s ]
SQL: SELECT `id`,`name` as `text`,`listorder`,`id` as `operateid`,`is_system` FROM `stoa_menu` WHERE `parentid` = 68 ORDER BY `listorder` ASC,`id` DESC  [ RunTime:0.0191s ]
SQL: SELECT `id`,`name` as `text`,`listorder`,`id` as `operateid`,`is_system` FROM `stoa_menu` WHERE `parentid` = 65 ORDER BY `listorder` ASC,`id` DESC  [ RunTime:0.0195s ]
SQL: SELECT `id`,`name` as `text`,`listorder`,`id` as `operateid`,`is_system` FROM `stoa_menu` WHERE `parentid` = 66 ORDER BY `listorder` ASC,`id` DESC  [ RunTime:0.0203s ]
SQL: SELECT `id`,`name` as `text`,`listorder`,`id` as `operateid`,`is_system` FROM `stoa_menu` WHERE `parentid` = 61 ORDER BY `listorder` ASC,`id` DESC  [ RunTime:0.0204s ]
SQL: SELECT `id`,`name` as `text`,`listorder`,`id` as `operateid`,`is_system` FROM `stoa_menu` WHERE `parentid` = 64 ORDER BY `listorder` ASC,`id` DESC  [ RunTime:0.0204s ]
SQL: SELECT `id`,`name` as `text`,`listorder`,`id` as `operateid`,`is_system` FROM `stoa_menu` WHERE `parentid` = 63 ORDER BY `listorder` ASC,`id` DESC  [ RunTime:0.0196s ]
SQL: SELECT `id`,`name` as `text`,`listorder`,`id` as `operateid`,`is_system` FROM `stoa_menu` WHERE `parentid` = 62 ORDER BY `listorder` ASC,`id` DESC  [ RunTime:0.0194s ]
SQL: SELECT `id`,`name` as `text`,`listorder`,`id` as `operateid`,`is_system` FROM `stoa_menu` WHERE `parentid` = 51 ORDER BY `listorder` ASC,`id` DESC  [ RunTime:0.0197s ]
SQL: SELECT `id`,`name` as `text`,`listorder`,`id` as `operateid`,`is_system` FROM `stoa_menu` WHERE `parentid` = 52 ORDER BY `listorder` ASC,`id` DESC  [ RunTime:0.0191s ]
SQL: SELECT `id`,`name` as `text`,`listorder`,`id` as `operateid`,`is_system` FROM `stoa_menu` WHERE `parentid` = 50 ORDER BY `listorder` ASC,`id` DESC  [ RunTime:0.0200s ]
SQL: SELECT `id`,`name` as `text`,`listorder`,`id` as `operateid`,`is_system` FROM `stoa_menu` WHERE `parentid` = 49 ORDER BY `listorder` ASC,`id` DESC  [ RunTime:0.0193s ]
SQL: SELECT `id`,`name` as `text`,`listorder`,`id` as `operateid`,`is_system` FROM `stoa_menu` WHERE `parentid` = 1 ORDER BY `listorder` ASC,`id` DESC  [ RunTime:0.0201s ]
SQL: SELECT `id`,`name` as `text`,`listorder`,`id` as `operateid`,`is_system` FROM `stoa_menu` WHERE `parentid` = 6 ORDER BY `listorder` ASC,`id` DESC  [ RunTime:0.0206s ]
SQL: SELECT `id`,`name` as `text`,`listorder`,`id` as `operateid`,`is_system` FROM `stoa_menu` WHERE `parentid` = 8 ORDER BY `listorder` ASC,`id` DESC  [ RunTime:0.0196s ]
SQL: SELECT `id`,`name` as `text`,`listorder`,`id` as `operateid`,`is_system` FROM `stoa_menu` WHERE `parentid` = 7 ORDER BY `listorder` ASC,`id` DESC  [ RunTime:0.0253s ]
SQL: SELECT `id`,`name` as `text`,`listorder`,`id` as `operateid`,`is_system` FROM `stoa_menu` WHERE `parentid` = 2 ORDER BY `listorder` ASC,`id` DESC  [ RunTime:0.0195s ]
SQL: SELECT `id`,`name` as `text`,`listorder`,`id` as `operateid`,`is_system` FROM `stoa_menu` WHERE `parentid` = 9 ORDER BY `listorder` ASC,`id` DESC  [ RunTime:0.0197s ]
SQL: SELECT `id`,`name` as `text`,`listorder`,`id` as `operateid`,`is_system` FROM `stoa_menu` WHERE `parentid` = 10 ORDER BY `listorder` ASC,`id` DESC  [ RunTime:0.0206s ]
SQL: SELECT `id`,`name` as `text`,`listorder`,`id` as `operateid`,`is_system` FROM `stoa_menu` WHERE `parentid` = 11 ORDER BY `listorder` ASC,`id` DESC  [ RunTime:0.0200s ]
SQL: SELECT `id`,`name` as `text`,`listorder`,`id` as `operateid`,`is_system` FROM `stoa_menu` WHERE `parentid` = 12 ORDER BY `listorder` ASC,`id` DESC  [ RunTime:0.0198s ]
SQL: SELECT `id`,`name` as `text`,`listorder`,`id` as `operateid`,`is_system` FROM `stoa_menu` WHERE `parentid` = 27 ORDER BY `listorder` ASC,`id` DESC  [ RunTime:0.0200s ]
SQL: SELECT `id`,`name` as `text`,`listorder`,`id` as `operateid`,`is_system` FROM `stoa_menu` WHERE `parentid` = 26 ORDER BY `listorder` ASC,`id` DESC  [ RunTime:0.0203s ]
SQL: SELECT `id`,`name` as `text`,`listorder`,`id` as `operateid`,`is_system` FROM `stoa_menu` WHERE `parentid` = 25 ORDER BY `listorder` ASC,`id` DESC  [ RunTime:0.0193s ]
SQL: SELECT `id`,`name` as `text`,`listorder`,`id` as `operateid`,`is_system` FROM `stoa_menu` WHERE `parentid` = 24 ORDER BY `listorder` ASC,`id` DESC  [ RunTime:0.0197s ]
SQL: SELECT `id`,`name` as `text`,`listorder`,`id` as `operateid`,`is_system` FROM `stoa_menu` WHERE `parentid` = 13 ORDER BY `listorder` ASC,`id` DESC  [ RunTime:0.0192s ]
SQL: SELECT `id`,`name` as `text`,`listorder`,`id` as `operateid`,`is_system` FROM `stoa_menu` WHERE `parentid` = 33 ORDER BY `listorder` ASC,`id` DESC  [ RunTime:0.0200s ]
SQL: SELECT `id`,`name` as `text`,`listorder`,`id` as `operateid`,`is_system` FROM `stoa_menu` WHERE `parentid` = 32 ORDER BY `listorder` ASC,`id` DESC  [ RunTime:0.0202s ]
SQL: SELECT `id`,`name` as `text`,`listorder`,`id` as `operateid`,`is_system` FROM `stoa_menu` WHERE `parentid` = 31 ORDER BY `listorder` ASC,`id` DESC  [ RunTime:0.0210s ]
SQL: SELECT `id`,`name` as `text`,`listorder`,`id` as `operateid`,`is_system` FROM `stoa_menu` WHERE `parentid` = 30 ORDER BY `listorder` ASC,`id` DESC  [ RunTime:0.0201s ]
SQL: SELECT `id`,`name` as `text`,`listorder`,`id` as `operateid`,`is_system` FROM `stoa_menu` WHERE `parentid` = 29 ORDER BY `listorder` ASC,`id` DESC  [ RunTime:0.0204s ]
SQL: SELECT `id`,`name` as `text`,`listorder`,`id` as `operateid`,`is_system` FROM `stoa_menu` WHERE `parentid` = 28 ORDER BY `listorder` ASC,`id` DESC  [ RunTime:0.0200s ]
SQL: SELECT `id`,`name` as `text`,`listorder`,`id` as `operateid`,`is_system` FROM `stoa_menu` WHERE `parentid` = 3 ORDER BY `listorder` ASC,`id` DESC  [ RunTime:0.0195s ]
SQL: SELECT `id`,`name` as `text`,`listorder`,`id` as `operateid`,`is_system` FROM `stoa_menu` WHERE `parentid` = 57 ORDER BY `listorder` ASC,`id` DESC  [ RunTime:0.0199s ]
SQL: SELECT `id`,`name` as `text`,`listorder`,`id` as `operateid`,`is_system` FROM `stoa_menu` WHERE `parentid` = 58 ORDER BY `listorder` ASC,`id` DESC  [ RunTime:0.0200s ]
SQL: SELECT `id`,`name` as `text`,`listorder`,`id` as `operateid`,`is_system` FROM `stoa_menu` WHERE `parentid` = 34 ORDER BY `listorder` ASC,`id` DESC  [ RunTime:0.0199s ]
SQL: SELECT `id`,`name` as `text`,`listorder`,`id` as `operateid`,`is_system` FROM `stoa_menu` WHERE `parentid` = 36 ORDER BY `listorder` ASC,`id` DESC  [ RunTime:0.0193s ]
SQL: SELECT `id`,`name` as `text`,`listorder`,`id` as `operateid`,`is_system` FROM `stoa_menu` WHERE `parentid` = 41 ORDER BY `listorder` ASC,`id` DESC  [ RunTime:0.0191s ]
SQL: SELECT `id`,`name` as `text`,`listorder`,`id` as `operateid`,`is_system` FROM `stoa_menu` WHERE `parentid` = 40 ORDER BY `listorder` ASC,`id` DESC  [ RunTime:0.0198s ]
SQL: SELECT `id`,`name` as `text`,`listorder`,`id` as `operateid`,`is_system` FROM `stoa_menu` WHERE `parentid` = 39 ORDER BY `listorder` ASC,`id` DESC  [ RunTime:0.0204s ]
SQL: SELECT `id`,`name` as `text`,`listorder`,`id` as `operateid`,`is_system` FROM `stoa_menu` WHERE `parentid` = 38 ORDER BY `listorder` ASC,`id` DESC  [ RunTime:0.0201s ]
SQL: SELECT `id`,`name` as `text`,`listorder`,`id` as `operateid`,`is_system` FROM `stoa_menu` WHERE `parentid` = 37 ORDER BY `listorder` ASC,`id` DESC  [ RunTime:0.0196s ]
SQL: SELECT `id`,`name` as `text`,`listorder`,`id` as `operateid`,`is_system` FROM `stoa_menu` WHERE `parentid` = 35 ORDER BY `listorder` ASC,`id` DESC  [ RunTime:0.0202s ]
SQL: SELECT `id`,`name` as `text`,`listorder`,`id` as `operateid`,`is_system` FROM `stoa_menu` WHERE `parentid` = 4 ORDER BY `listorder` ASC,`id` DESC  [ RunTime:0.0195s ]
SQL: SELECT `id`,`name` as `text`,`listorder`,`id` as `operateid`,`is_system` FROM `stoa_menu` WHERE `parentid` = 42 ORDER BY `listorder` ASC,`id` DESC  [ RunTime:0.0200s ]
SQL: SELECT `id`,`name` as `text`,`listorder`,`id` as `operateid`,`is_system` FROM `stoa_menu` WHERE `parentid` = 44 ORDER BY `listorder` ASC,`id` DESC  [ RunTime:0.0194s ]
SQL: SELECT `id`,`name` as `text`,`listorder`,`id` as `operateid`,`is_system` FROM `stoa_menu` WHERE `parentid` = 43 ORDER BY `listorder` ASC,`id` DESC  [ RunTime:0.0199s ]
SQL: SELECT `id`,`name` as `text`,`listorder`,`id` as `operateid`,`is_system` FROM `stoa_menu` WHERE `parentid` = 5 ORDER BY `listorder` ASC,`id` DESC  [ RunTime:0.0199s ]
SQL: SELECT `id`,`name` as `text`,`listorder`,`id` as `operateid`,`is_system` FROM `stoa_menu` WHERE `parentid` = 14 ORDER BY `listorder` ASC,`id` DESC  [ RunTime:0.0202s ]
SQL: SELECT `id`,`name` as `text`,`listorder`,`id` as `operateid`,`is_system` FROM `stoa_menu` WHERE `parentid` = 45 ORDER BY `listorder` ASC,`id` DESC  [ RunTime:0.0201s ]
SQL: SELECT `id`,`name` as `text`,`listorder`,`id` as `operateid`,`is_system` FROM `stoa_menu` WHERE `parentid` = 15 ORDER BY `listorder` ASC,`id` DESC  [ RunTime:0.0192s ]
SQL: SELECT `id`,`name` as `text`,`listorder`,`id` as `operateid`,`is_system` FROM `stoa_menu` WHERE `parentid` = 23 ORDER BY `listorder` ASC,`id` DESC  [ RunTime:0.0201s ]
SQL: SELECT `id`,`name` as `text`,`listorder`,`id` as `operateid`,`is_system` FROM `stoa_menu` WHERE `parentid` = 22 ORDER BY `listorder` ASC,`id` DESC  [ RunTime:0.0192s ]
SQL: SELECT `id`,`name` as `text`,`listorder`,`id` as `operateid`,`is_system` FROM `stoa_menu` WHERE `parentid` = 16 ORDER BY `listorder` ASC,`id` DESC  [ RunTime:0.0210s ]
SQL: SELECT `id`,`name` as `text`,`listorder`,`id` as `operateid`,`is_system` FROM `stoa_menu` WHERE `parentid` = 21 ORDER BY `listorder` ASC,`id` DESC  [ RunTime:0.0199s ]
SQL: SELECT `id`,`name` as `text`,`listorder`,`id` as `operateid`,`is_system` FROM `stoa_menu` WHERE `parentid` = 20 ORDER BY `listorder` ASC,`id` DESC  [ RunTime:0.0192s ]
SQL: SELECT `id`,`name` as `text`,`listorder`,`id` as `operateid`,`is_system` FROM `stoa_menu` WHERE `parentid` = 19 ORDER BY `listorder` ASC,`id` DESC  [ RunTime:0.0201s ]
SQL: SELECT `id`,`name` as `text`,`listorder`,`id` as `operateid`,`is_system` FROM `stoa_menu` WHERE `parentid` = 18 ORDER BY `listorder` ASC,`id` DESC  [ RunTime:0.0199s ]
SQL: SELECT `id`,`name` as `text`,`listorder`,`id` as `operateid`,`is_system` FROM `stoa_menu` WHERE `parentid` = 17 ORDER BY `listorder` ASC,`id` DESC  [ RunTime:0.0202s ]

[ 2015-12-20T18:42:43+08:00 ] 127.0.0.1 /hicms/index.php/Admin/System/menuList.html?v=4.0
INFO: [ app_init ] --START--
INFO: Run Behavior\BuildLiteBehavior [ RunTime:0.000061s ]
INFO: [ app_init ] --END-- [ RunTime:0.000305s ]
INFO: [ app_begin ] --START--
INFO: Run Behavior\ReadHtmlCacheBehavior [ RunTime:0.001056s ]
INFO: [ app_begin ] --END-- [ RunTime:0.001238s ]
SQL: SHOW COLUMNS FROM `stoa_menu` [ RunTime:0.0227s ]
SQL: SELECT * FROM `stoa_menu` WHERE `id` = 0 LIMIT 1   [ RunTime:0.0236s ]
INFO: [ view_parse ] --START--
INFO: [ template_filter ] --START--
INFO: Run Behavior\ContentReplaceBehavior [ RunTime:0.000226s ]
INFO: [ template_filter ] --END-- [ RunTime:0.000534s ]
INFO: Run Behavior\ParseTemplateBehavior [ RunTime:0.013973s ]
INFO: [ view_parse ] --END-- [ RunTime:0.014142s ]
INFO: [ view_filter ] --START--
INFO: Run Behavior\WriteHtmlCacheBehavior [ RunTime:0.000574s ]
INFO: [ view_filter ] --END-- [ RunTime:0.000765s ]
INFO: [ app_end ] --START--
INFO: Run Behavior\ShowPageTraceBehavior [ RunTime:0.000807s ]
INFO: [ app_end ] --END-- [ RunTime:0.000967s ]

[ 2015-12-20T18:42:45+08:00 ] 127.0.0.1 /hicms/index.php/Admin/System/menuList.html
INFO: [ app_init ] --START--
INFO: Run Behavior\BuildLiteBehavior [ RunTime:0.000033s ]
INFO: [ app_init ] --END-- [ RunTime:0.000241s ]
INFO: [ app_begin ] --START--
INFO: Run Behavior\ReadHtmlCacheBehavior [ RunTime:0.001999s ]
INFO: [ app_begin ] --END-- [ RunTime:0.002222s ]
SQL: SHOW COLUMNS FROM `stoa_menu` [ RunTime:0.0183s ]
SQL: SELECT `id`,`name` as `text`,`listorder`,`id` as `operateid`,`is_system` FROM `stoa_menu` WHERE `parentid` = 0 ORDER BY `listorder` ASC,`id` DESC  [ RunTime:0.0185s ]
SQL: SELECT `id`,`name` as `text`,`listorder`,`id` as `operateid`,`is_system` FROM `stoa_menu` WHERE `parentid` = 53 ORDER BY `listorder` ASC,`id` DESC  [ RunTime:0.0191s ]
SQL: SELECT `id`,`name` as `text`,`listorder`,`id` as `operateid`,`is_system` FROM `stoa_menu` WHERE `parentid` = 55 ORDER BY `listorder` ASC,`id` DESC  [ RunTime:0.0184s ]
SQL: SELECT `id`,`name` as `text`,`listorder`,`id` as `operateid`,`is_system` FROM `stoa_menu` WHERE `parentid` = 60 ORDER BY `listorder` ASC,`id` DESC  [ RunTime:0.0183s ]
SQL: SELECT `id`,`name` as `text`,`listorder`,`id` as `operateid`,`is_system` FROM `stoa_menu` WHERE `parentid` = 59 ORDER BY `listorder` ASC,`id` DESC  [ RunTime:0.0189s ]
SQL: SELECT `id`,`name` as `text`,`listorder`,`id` as `operateid`,`is_system` FROM `stoa_menu` WHERE `parentid` = 56 ORDER BY `listorder` ASC,`id` DESC  [ RunTime:0.0181s ]
SQL: SELECT `id`,`name` as `text`,`listorder`,`id` as `operateid`,`is_system` FROM `stoa_menu` WHERE `parentid` = 54 ORDER BY `listorder` ASC,`id` DESC  [ RunTime:0.0182s ]
SQL: SELECT `id`,`name` as `text`,`listorder`,`id` as `operateid`,`is_system` FROM `stoa_menu` WHERE `parentid` = 48 ORDER BY `listorder` ASC,`id` DESC  [ RunTime:0.0303s ]
SQL: SELECT `id`,`name` as `text`,`listorder`,`id` as `operateid`,`is_system` FROM `stoa_menu` WHERE `parentid` = 67 ORDER BY `listorder` ASC,`id` DESC  [ RunTime:0.0180s ]
SQL: SELECT `id`,`name` as `text`,`listorder`,`id` as `operateid`,`is_system` FROM `stoa_menu` WHERE `parentid` = 69 ORDER BY `listorder` ASC,`id` DESC  [ RunTime:0.0179s ]
SQL: SELECT `id`,`name` as `text`,`listorder`,`id` as `operateid`,`is_system` FROM `stoa_menu` WHERE `parentid` = 68 ORDER BY `listorder` ASC,`id` DESC  [ RunTime:0.0184s ]
SQL: SELECT `id`,`name` as `text`,`listorder`,`id` as `operateid`,`is_system` FROM `stoa_menu` WHERE `parentid` = 65 ORDER BY `listorder` ASC,`id` DESC  [ RunTime:0.0186s ]
SQL: SELECT `id`,`name` as `text`,`listorder`,`id` as `operateid`,`is_system` FROM `stoa_menu` WHERE `parentid` = 66 ORDER BY `listorder` ASC,`id` DESC  [ RunTime:0.0181s ]
SQL: SELECT `id`,`name` as `text`,`listorder`,`id` as `operateid`,`is_system` FROM `stoa_menu` WHERE `parentid` = 61 ORDER BY `listorder` ASC,`id` DESC  [ RunTime:0.0182s ]
SQL: SELECT `id`,`name` as `text`,`listorder`,`id` as `operateid`,`is_system` FROM `stoa_menu` WHERE `parentid` = 64 ORDER BY `listorder` ASC,`id` DESC  [ RunTime:0.0184s ]
SQL: SELECT `id`,`name` as `text`,`listorder`,`id` as `operateid`,`is_system` FROM `stoa_menu` WHERE `parentid` = 63 ORDER BY `listorder` ASC,`id` DESC  [ RunTime:0.0177s ]
SQL: SELECT `id`,`name` as `text`,`listorder`,`id` as `operateid`,`is_system` FROM `stoa_menu` WHERE `parentid` = 62 ORDER BY `listorder` ASC,`id` DESC  [ RunTime:0.0182s ]
SQL: SELECT `id`,`name` as `text`,`listorder`,`id` as `operateid`,`is_system` FROM `stoa_menu` WHERE `parentid` = 51 ORDER BY `listorder` ASC,`id` DESC  [ RunTime:0.0184s ]
SQL: SELECT `id`,`name` as `text`,`listorder`,`id` as `operateid`,`is_system` FROM `stoa_menu` WHERE `parentid` = 52 ORDER BY `listorder` ASC,`id` DESC  [ RunTime:0.0182s ]
SQL: SELECT `id`,`name` as `text`,`listorder`,`id` as `operateid`,`is_system` FROM `stoa_menu` WHERE `parentid` = 50 ORDER BY `listorder` ASC,`id` DESC  [ RunTime:0.0184s ]
SQL: SELECT `id`,`name` as `text`,`listorder`,`id` as `operateid`,`is_system` FROM `stoa_menu` WHERE `parentid` = 49 ORDER BY `listorder` ASC,`id` DESC  [ RunTime:0.0177s ]
SQL: SELECT `id`,`name` as `text`,`listorder`,`id` as `operateid`,`is_system` FROM `stoa_menu` WHERE `parentid` = 1 ORDER BY `listorder` ASC,`id` DESC  [ RunTime:0.0189s ]
SQL: SELECT `id`,`name` as `text`,`listorder`,`id` as `operateid`,`is_system` FROM `stoa_menu` WHERE `parentid` = 6 ORDER BY `listorder` ASC,`id` DESC  [ RunTime:0.0186s ]
SQL: SELECT `id`,`name` as `text`,`listorder`,`id` as `operateid`,`is_system` FROM `stoa_menu` WHERE `parentid` = 8 ORDER BY `listorder` ASC,`id` DESC  [ RunTime:0.0181s ]
SQL: SELECT `id`,`name` as `text`,`listorder`,`id` as `operateid`,`is_system` FROM `stoa_menu` WHERE `parentid` = 7 ORDER BY `listorder` ASC,`id` DESC  [ RunTime:0.0180s ]
SQL: SELECT `id`,`name` as `text`,`listorder`,`id` as `operateid`,`is_system` FROM `stoa_menu` WHERE `parentid` = 2 ORDER BY `listorder` ASC,`id` DESC  [ RunTime:0.0185s ]
SQL: SELECT `id`,`name` as `text`,`listorder`,`id` as `operateid`,`is_system` FROM `stoa_menu` WHERE `parentid` = 9 ORDER BY `listorder` ASC,`id` DESC  [ RunTime:0.0183s ]
SQL: SELECT `id`,`name` as `text`,`listorder`,`id` as `operateid`,`is_system` FROM `stoa_menu` WHERE `parentid` = 10 ORDER BY `listorder` ASC,`id` DESC  [ RunTime:0.0184s ]
SQL: SELECT `id`,`name` as `text`,`listorder`,`id` as `operateid`,`is_system` FROM `stoa_menu` WHERE `parentid` = 11 ORDER BY `listorder` ASC,`id` DESC  [ RunTime:0.0180s ]
SQL: SELECT `id`,`name` as `text`,`listorder`,`id` as `operateid`,`is_system` FROM `stoa_menu` WHERE `parentid` = 12 ORDER BY `listorder` ASC,`id` DESC  [ RunTime:0.0182s ]
SQL: SELECT `id`,`name` as `text`,`listorder`,`id` as `operateid`,`is_system` FROM `stoa_menu` WHERE `parentid` = 27 ORDER BY `listorder` ASC,`id` DESC  [ RunTime:0.0181s ]
SQL: SELECT `id`,`name` as `text`,`listorder`,`id` as `operateid`,`is_system` FROM `stoa_menu` WHERE `parentid` = 26 ORDER BY `listorder` ASC,`id` DESC  [ RunTime:0.0183s ]
SQL: SELECT `id`,`name` as `text`,`listorder`,`id` as `operateid`,`is_system` FROM `stoa_menu` WHERE `parentid` = 25 ORDER BY `listorder` ASC,`id` DESC  [ RunTime:0.0183s ]
SQL: SELECT `id`,`name` as `text`,`listorder`,`id` as `operateid`,`is_system` FROM `stoa_menu` WHERE `parentid` = 24 ORDER BY `listorder` ASC,`id` DESC  [ RunTime:0.0185s ]
SQL: SELECT `id`,`name` as `text`,`listorder`,`id` as `operateid`,`is_system` FROM `stoa_menu` WHERE `parentid` = 13 ORDER BY `listorder` ASC,`id` DESC  [ RunTime:0.0182s ]
SQL: SELECT `id`,`name` as `text`,`listorder`,`id` as `operateid`,`is_system` FROM `stoa_menu` WHERE `parentid` = 33 ORDER BY `listorder` ASC,`id` DESC  [ RunTime:0.0177s ]
SQL: SELECT `id`,`name` as `text`,`listorder`,`id` as `operateid`,`is_system` FROM `stoa_menu` WHERE `parentid` = 32 ORDER BY `listorder` ASC,`id` DESC  [ RunTime:0.0182s ]
SQL: SELECT `id`,`name` as `text`,`listorder`,`id` as `operateid`,`is_system` FROM `stoa_menu` WHERE `parentid` = 31 ORDER BY `listorder` ASC,`id` DESC  [ RunTime:0.0183s ]
SQL: SELECT `id`,`name` as `text`,`listorder`,`id` as `operateid`,`is_system` FROM `stoa_menu` WHERE `parentid` = 30 ORDER BY `listorder` ASC,`id` DESC  [ RunTime:0.0184s ]
SQL: SELECT `id`,`name` as `text`,`listorder`,`id` as `operateid`,`is_system` FROM `stoa_menu` WHERE `parentid` = 29 ORDER BY `listorder` ASC,`id` DESC  [ RunTime:0.0183s ]
SQL: SELECT `id`,`name` as `text`,`listorder`,`id` as `operateid`,`is_system` FROM `stoa_menu` WHERE `parentid` = 28 ORDER BY `listorder` ASC,`id` DESC  [ RunTime:0.0183s ]
SQL: SELECT `id`,`name` as `text`,`listorder`,`id` as `operateid`,`is_system` FROM `stoa_menu` WHERE `parentid` = 3 ORDER BY `listorder` ASC,`id` DESC  [ RunTime:0.0184s ]
SQL: SELECT `id`,`name` as `text`,`listorder`,`id` as `operateid`,`is_system` FROM `stoa_menu` WHERE `parentid` = 57 ORDER BY `listorder` ASC,`id` DESC  [ RunTime:0.0179s ]
SQL: SELECT `id`,`name` as `text`,`listorder`,`id` as `operateid`,`is_system` FROM `stoa_menu` WHERE `parentid` = 58 ORDER BY `listorder` ASC,`id` DESC  [ RunTime:0.0181s ]
SQL: SELECT `id`,`name` as `text`,`listorder`,`id` as `operateid`,`is_system` FROM `stoa_menu` WHERE `parentid` = 34 ORDER BY `listorder` ASC,`id` DESC  [ RunTime:0.0179s ]
SQL: SELECT `id`,`name` as `text`,`listorder`,`id` as `operateid`,`is_system` FROM `stoa_menu` WHERE `parentid` = 36 ORDER BY `listorder` ASC,`id` DESC  [ RunTime:0.0185s ]
SQL: SELECT `id`,`name` as `text`,`listorder`,`id` as `operateid`,`is_system` FROM `stoa_menu` WHERE `parentid` = 41 ORDER BY `listorder` ASC,`id` DESC  [ RunTime:0.0179s ]
SQL: SELECT `id`,`name` as `text`,`listorder`,`id` as `operateid`,`is_system` FROM `stoa_menu` WHERE `parentid` = 40 ORDER BY `listorder` ASC,`id` DESC  [ RunTime:0.0190s ]
SQL: SELECT `id`,`name` as `text`,`listorder`,`id` as `operateid`,`is_system` FROM `stoa_menu` WHERE `parentid` = 39 ORDER BY `listorder` ASC,`id` DESC  [ RunTime:0.0186s ]
SQL: SELECT `id`,`name` as `text`,`listorder`,`id` as `operateid`,`is_system` FROM `stoa_menu` WHERE `parentid` = 38 ORDER BY `listorder` ASC,`id` DESC  [ RunTime:0.0185s ]
SQL: SELECT `id`,`name` as `text`,`listorder`,`id` as `operateid`,`is_system` FROM `stoa_menu` WHERE `parentid` = 37 ORDER BY `listorder` ASC,`id` DESC  [ RunTime:0.0190s ]
SQL: SELECT `id`,`name` as `text`,`listorder`,`id` as `operateid`,`is_system` FROM `stoa_menu` WHERE `parentid` = 35 ORDER BY `listorder` ASC,`id` DESC  [ RunTime:0.0195s ]
SQL: SELECT `id`,`name` as `text`,`listorder`,`id` as `operateid`,`is_system` FROM `stoa_menu` WHERE `parentid` = 4 ORDER BY `listorder` ASC,`id` DESC  [ RunTime:0.0180s ]
SQL: SELECT `id`,`name` as `text`,`listorder`,`id` as `operateid`,`is_system` FROM `stoa_menu` WHERE `parentid` = 42 ORDER BY `listorder` ASC,`id` DESC  [ RunTime:0.0185s ]
SQL: SELECT `id`,`name` as `text`,`listorder`,`id` as `operateid`,`is_system` FROM `stoa_menu` WHERE `parentid` = 44 ORDER BY `listorder` ASC,`id` DESC  [ RunTime:0.0183s ]
SQL: SELECT `id`,`name` as `text`,`listorder`,`id` as `operateid`,`is_system` FROM `stoa_menu` WHERE `parentid` = 43 ORDER BY `listorder` ASC,`id` DESC  [ RunTime:0.0181s ]
SQL: SELECT `id`,`name` as `text`,`listorder`,`id` as `operateid`,`is_system` FROM `stoa_menu` WHERE `parentid` = 5 ORDER BY `listorder` ASC,`id` DESC  [ RunTime:0.0180s ]
SQL: SELECT `id`,`name` as `text`,`listorder`,`id` as `operateid`,`is_system` FROM `stoa_menu` WHERE `parentid` = 14 ORDER BY `listorder` ASC,`id` DESC  [ RunTime:0.0185s ]
SQL: SELECT `id`,`name` as `text`,`listorder`,`id` as `operateid`,`is_system` FROM `stoa_menu` WHERE `parentid` = 45 ORDER BY `listorder` ASC,`id` DESC  [ RunTime:0.0181s ]
SQL: SELECT `id`,`name` as `text`,`listorder`,`id` as `operateid`,`is_system` FROM `stoa_menu` WHERE `parentid` = 15 ORDER BY `listorder` ASC,`id` DESC  [ RunTime:0.0184s ]
SQL: SELECT `id`,`name` as `text`,`listorder`,`id` as `operateid`,`is_system` FROM `stoa_menu` WHERE `parentid` = 23 ORDER BY `listorder` ASC,`id` DESC  [ RunTime:0.0182s ]
SQL: SELECT `id`,`name` as `text`,`listorder`,`id` as `operateid`,`is_system` FROM `stoa_menu` WHERE `parentid` = 22 ORDER BY `listorder` ASC,`id` DESC  [ RunTime:0.0185s ]
SQL: SELECT `id`,`name` as `text`,`listorder`,`id` as `operateid`,`is_system` FROM `stoa_menu` WHERE `parentid` = 16 ORDER BY `listorder` ASC,`id` DESC  [ RunTime:0.0181s ]
SQL: SELECT `id`,`name` as `text`,`listorder`,`id` as `operateid`,`is_system` FROM `stoa_menu` WHERE `parentid` = 21 ORDER BY `listorder` ASC,`id` DESC  [ RunTime:0.0182s ]
SQL: SELECT `id`,`name` as `text`,`listorder`,`id` as `operateid`,`is_system` FROM `stoa_menu` WHERE `parentid` = 20 ORDER BY `listorder` ASC,`id` DESC  [ RunTime:0.0182s ]
SQL: SELECT `id`,`name` as `text`,`listorder`,`id` as `operateid`,`is_system` FROM `stoa_menu` WHERE `parentid` = 19 ORDER BY `listorder` ASC,`id` DESC  [ RunTime:0.0179s ]
SQL: SELECT `id`,`name` as `text`,`listorder`,`id` as `operateid`,`is_system` FROM `stoa_menu` WHERE `parentid` = 18 ORDER BY `listorder` ASC,`id` DESC  [ RunTime:0.0184s ]
SQL: SELECT `id`,`name` as `text`,`listorder`,`id` as `operateid`,`is_system` FROM `stoa_menu` WHERE `parentid` = 17 ORDER BY `listorder` ASC,`id` DESC  [ RunTime:0.0182s ]

[ 2015-12-20T18:43:04+08:00 ] 127.0.0.1 /hicms/index.php/Admin/System/menuList.html?v=4.0
INFO: [ app_init ] --START--
INFO: Run Behavior\BuildLiteBehavior [ RunTime:0.000035s ]
INFO: [ app_init ] --END-- [ RunTime:0.000192s ]
INFO: [ app_begin ] --START--
INFO: Run Behavior\ReadHtmlCacheBehavior [ RunTime:0.000962s ]
INFO: [ app_begin ] --END-- [ RunTime:0.001206s ]
SQL: SHOW COLUMNS FROM `stoa_menu` [ RunTime:0.0242s ]
SQL: SELECT * FROM `stoa_menu` WHERE `id` = 0 LIMIT 1   [ RunTime:0.0234s ]
INFO: [ view_parse ] --START--
INFO: [ template_filter ] --START--
INFO: Run Behavior\ContentReplaceBehavior [ RunTime:0.000197s ]
INFO: [ template_filter ] --END-- [ RunTime:0.000469s ]
INFO: Run Behavior\ParseTemplateBehavior [ RunTime:0.016401s ]
INFO: [ view_parse ] --END-- [ RunTime:0.016750s ]
INFO: [ view_filter ] --START--
INFO: Run Behavior\WriteHtmlCacheBehavior [ RunTime:0.001031s ]
INFO: [ view_filter ] --END-- [ RunTime:0.001300s ]
INFO: [ app_end ] --START--
INFO: Run Behavior\ShowPageTraceBehavior [ RunTime:0.000941s ]
INFO: [ app_end ] --END-- [ RunTime:0.001082s ]

[ 2015-12-20T18:43:07+08:00 ] 127.0.0.1 /hicms/index.php/Admin/System/menuList.html
INFO: [ app_init ] --START--
INFO: Run Behavior\BuildLiteBehavior [ RunTime:0.000034s ]
INFO: [ app_init ] --END-- [ RunTime:0.000186s ]
INFO: [ app_begin ] --START--
INFO: Run Behavior\ReadHtmlCacheBehavior [ RunTime:0.000908s ]
INFO: [ app_begin ] --END-- [ RunTime:0.001128s ]
SQL: SHOW COLUMNS FROM `stoa_menu` [ RunTime:0.0194s ]
SQL: SELECT `id`,`name` as `text`,`listorder`,`id` as `operateid`,`is_system` FROM `stoa_menu` WHERE `parentid` = 0 ORDER BY `listorder` ASC,`id` DESC  [ RunTime:0.0181s ]
SQL: SELECT `id`,`name` as `text`,`listorder`,`id` as `operateid`,`is_system` FROM `stoa_menu` WHERE `parentid` = 53 ORDER BY `listorder` ASC,`id` DESC  [ RunTime:0.0185s ]
SQL: SELECT `id`,`name` as `text`,`listorder`,`id` as `operateid`,`is_system` FROM `stoa_menu` WHERE `parentid` = 55 ORDER BY `listorder` ASC,`id` DESC  [ RunTime:0.0186s ]
SQL: SELECT `id`,`name` as `text`,`listorder`,`id` as `operateid`,`is_system` FROM `stoa_menu` WHERE `parentid` = 60 ORDER BY `listorder` ASC,`id` DESC  [ RunTime:0.0187s ]
SQL: SELECT `id`,`name` as `text`,`listorder`,`id` as `operateid`,`is_system` FROM `stoa_menu` WHERE `parentid` = 59 ORDER BY `listorder` ASC,`id` DESC  [ RunTime:0.0184s ]
SQL: SELECT `id`,`name` as `text`,`listorder`,`id` as `operateid`,`is_system` FROM `stoa_menu` WHERE `parentid` = 56 ORDER BY `listorder` ASC,`id` DESC  [ RunTime:0.0191s ]
SQL: SELECT `id`,`name` as `text`,`listorder`,`id` as `operateid`,`is_system` FROM `stoa_menu` WHERE `parentid` = 54 ORDER BY `listorder` ASC,`id` DESC  [ RunTime:0.0180s ]
SQL: SELECT `id`,`name` as `text`,`listorder`,`id` as `operateid`,`is_system` FROM `stoa_menu` WHERE `parentid` = 48 ORDER BY `listorder` ASC,`id` DESC  [ RunTime:0.0194s ]
SQL: SELECT `id`,`name` as `text`,`listorder`,`id` as `operateid`,`is_system` FROM `stoa_menu` WHERE `parentid` = 67 ORDER BY `listorder` ASC,`id` DESC  [ RunTime:0.0185s ]
SQL: SELECT `id`,`name` as `text`,`listorder`,`id` as `operateid`,`is_system` FROM `stoa_menu` WHERE `parentid` = 69 ORDER BY `listorder` ASC,`id` DESC  [ RunTime:0.0182s ]
SQL: SELECT `id`,`name` as `text`,`listorder`,`id` as `operateid`,`is_system` FROM `stoa_menu` WHERE `parentid` = 68 ORDER BY `listorder` ASC,`id` DESC  [ RunTime:0.0179s ]
SQL: SELECT `id`,`name` as `text`,`listorder`,`id` as `operateid`,`is_system` FROM `stoa_menu` WHERE `parentid` = 65 ORDER BY `listorder` ASC,`id` DESC  [ RunTime:0.0184s ]
SQL: SELECT `id`,`name` as `text`,`listorder`,`id` as `operateid`,`is_system` FROM `stoa_menu` WHERE `parentid` = 66 ORDER BY `listorder` ASC,`id` DESC  [ RunTime:0.0183s ]
SQL: SELECT `id`,`name` as `text`,`listorder`,`id` as `operateid`,`is_system` FROM `stoa_menu` WHERE `parentid` = 61 ORDER BY `listorder` ASC,`id` DESC  [ RunTime:0.0179s ]
SQL: SELECT `id`,`name` as `text`,`listorder`,`id` as `operateid`,`is_system` FROM `stoa_menu` WHERE `parentid` = 64 ORDER BY `listorder` ASC,`id` DESC  [ RunTime:0.0185s ]
SQL: SELECT `id`,`name` as `text`,`listorder`,`id` as `operateid`,`is_system` FROM `stoa_menu` WHERE `parentid` = 63 ORDER BY `listorder` ASC,`id` DESC  [ RunTime:0.0176s ]
SQL: SELECT `id`,`name` as `text`,`listorder`,`id` as `operateid`,`is_system` FROM `stoa_menu` WHERE `parentid` = 62 ORDER BY `listorder` ASC,`id` DESC  [ RunTime:0.0185s ]
SQL: SELECT `id`,`name` as `text`,`listorder`,`id` as `operateid`,`is_system` FROM `stoa_menu` WHERE `parentid` = 51 ORDER BY `listorder` ASC,`id` DESC  [ RunTime:0.0178s ]
SQL: SELECT `id`,`name` as `text`,`listorder`,`id` as `operateid`,`is_system` FROM `stoa_menu` WHERE `parentid` = 52 ORDER BY `listorder` ASC,`id` DESC  [ RunTime:0.0180s ]
SQL: SELECT `id`,`name` as `text`,`listorder`,`id` as `operateid`,`is_system` FROM `stoa_menu` WHERE `parentid` = 50 ORDER BY `listorder` ASC,`id` DESC  [ RunTime:0.0179s ]
SQL: SELECT `id`,`name` as `text`,`listorder`,`id` as `operateid`,`is_system` FROM `stoa_menu` WHERE `parentid` = 49 ORDER BY `listorder` ASC,`id` DESC  [ RunTime:0.0179s ]
SQL: SELECT `id`,`name` as `text`,`listorder`,`id` as `operateid`,`is_system` FROM `stoa_menu` WHERE `parentid` = 1 ORDER BY `listorder` ASC,`id` DESC  [ RunTime:0.0183s ]
SQL: SELECT `id`,`name` as `text`,`listorder`,`id` as `operateid`,`is_system` FROM `stoa_menu` WHERE `parentid` = 6 ORDER BY `listorder` ASC,`id` DESC  [ RunTime:0.0183s ]
SQL: SELECT `id`,`name` as `text`,`listorder`,`id` as `operateid`,`is_system` FROM `stoa_menu` WHERE `parentid` = 8 ORDER BY `listorder` ASC,`id` DESC  [ RunTime:0.0181s ]
SQL: SELECT `id`,`name` as `text`,`listorder`,`id` as `operateid`,`is_system` FROM `stoa_menu` WHERE `parentid` = 7 ORDER BY `listorder` ASC,`id` DESC  [ RunTime:0.0185s ]
SQL: SELECT `id`,`name` as `text`,`listorder`,`id` as `operateid`,`is_system` FROM `stoa_menu` WHERE `parentid` = 2 ORDER BY `listorder` ASC,`id` DESC  [ RunTime:0.0177s ]
SQL: SELECT `id`,`name` as `text`,`listorder`,`id` as `operateid`,`is_system` FROM `stoa_menu` WHERE `parentid` = 9 ORDER BY `listorder` ASC,`id` DESC  [ RunTime:0.0182s ]
SQL: SELECT `id`,`name` as `text`,`listorder`,`id` as `operateid`,`is_system` FROM `stoa_menu` WHERE `parentid` = 10 ORDER BY `listorder` ASC,`id` DESC  [ RunTime:0.0182s ]
SQL: SELECT `id`,`name` as `text`,`listorder`,`id` as `operateid`,`is_system` FROM `stoa_menu` WHERE `parentid` = 11 ORDER BY `listorder` ASC,`id` DESC  [ RunTime:0.0182s ]
SQL: SELECT `id`,`name` as `text`,`listorder`,`id` as `operateid`,`is_system` FROM `stoa_menu` WHERE `parentid` = 12 ORDER BY `listorder` ASC,`id` DESC  [ RunTime:0.0179s ]
SQL: SELECT `id`,`name` as `text`,`listorder`,`id` as `operateid`,`is_system` FROM `stoa_menu` WHERE `parentid` = 27 ORDER BY `listorder` ASC,`id` DESC  [ RunTime:0.0187s ]
SQL: SELECT `id`,`name` as `text`,`listorder`,`id` as `operateid`,`is_system` FROM `stoa_menu` WHERE `parentid` = 26 ORDER BY `listorder` ASC,`id` DESC  [ RunTime:0.0179s ]
SQL: SELECT `id`,`name` as `text`,`listorder`,`id` as `operateid`,`is_system` FROM `stoa_menu` WHERE `parentid` = 25 ORDER BY `listorder` ASC,`id` DESC  [ RunTime:0.0181s ]
SQL: SELECT `id`,`name` as `text`,`listorder`,`id` as `operateid`,`is_system` FROM `stoa_menu` WHERE `parentid` = 24 ORDER BY `listorder` ASC,`id` DESC  [ RunTime:0.0183s ]
SQL: SELECT `id`,`name` as `text`,`listorder`,`id` as `operateid`,`is_system` FROM `stoa_menu` WHERE `parentid` = 13 ORDER BY `listorder` ASC,`id` DESC  [ RunTime:0.0186s ]
SQL: SELECT `id`,`name` as `text`,`listorder`,`id` as `operateid`,`is_system` FROM `stoa_menu` WHERE `parentid` = 33 ORDER BY `listorder` ASC,`id` DESC  [ RunTime:0.0180s ]
SQL: SELECT `id`,`name` as `text`,`listorder`,`id` as `operateid`,`is_system` FROM `stoa_menu` WHERE `parentid` = 32 ORDER BY `listorder` ASC,`id` DESC  [ RunTime:0.0180s ]
SQL: SELECT `id`,`name` as `text`,`listorder`,`id` as `operateid`,`is_system` FROM `stoa_menu` WHERE `parentid` = 31 ORDER BY `listorder` ASC,`id` DESC  [ RunTime:0.0208s ]
SQL: SELECT `id`,`name` as `text`,`listorder`,`id` as `operateid`,`is_system` FROM `stoa_menu` WHERE `parentid` = 30 ORDER BY `listorder` ASC,`id` DESC  [ RunTime:0.0187s ]
SQL: SELECT `id`,`name` as `text`,`listorder`,`id` as `operateid`,`is_system` FROM `stoa_menu` WHERE `parentid` = 29 ORDER BY `listorder` ASC,`id` DESC  [ RunTime:0.0180s ]
SQL: SELECT `id`,`name` as `text`,`listorder`,`id` as `operateid`,`is_system` FROM `stoa_menu` WHERE `parentid` = 28 ORDER BY `listorder` ASC,`id` DESC  [ RunTime:0.0187s ]
SQL: SELECT `id`,`name` as `text`,`listorder`,`id` as `operateid`,`is_system` FROM `stoa_menu` WHERE `parentid` = 3 ORDER BY `listorder` ASC,`id` DESC  [ RunTime:0.0178s ]
SQL: SELECT `id`,`name` as `text`,`listorder`,`id` as `operateid`,`is_system` FROM `stoa_menu` WHERE `parentid` = 57 ORDER BY `listorder` ASC,`id` DESC  [ RunTime:0.0181s ]
SQL: SELECT `id`,`name` as `text`,`listorder`,`id` as `operateid`,`is_system` FROM `stoa_menu` WHERE `parentid` = 58 ORDER BY `listorder` ASC,`id` DESC  [ RunTime:0.0184s ]
SQL: SELECT `id`,`name` as `text`,`listorder`,`id` as `operateid`,`is_system` FROM `stoa_menu` WHERE `parentid` = 34 ORDER BY `listorder` ASC,`id` DESC  [ RunTime:0.0184s ]
SQL: SELECT `id`,`name` as `text`,`listorder`,`id` as `operateid`,`is_system` FROM `stoa_menu` WHERE `parentid` = 36 ORDER BY `listorder` ASC,`id` DESC  [ RunTime:0.0186s ]
SQL: SELECT `id`,`name` as `text`,`listorder`,`id` as `operateid`,`is_system` FROM `stoa_menu` WHERE `parentid` = 41 ORDER BY `listorder` ASC,`id` DESC  [ RunTime:0.0179s ]
SQL: SELECT `id`,`name` as `text`,`listorder`,`id` as `operateid`,`is_system` FROM `stoa_menu` WHERE `parentid` = 40 ORDER BY `listorder` ASC,`id` DESC  [ RunTime:0.0181s ]
SQL: SELECT `id`,`name` as `text`,`listorder`,`id` as `operateid`,`is_system` FROM `stoa_menu` WHERE `parentid` = 39 ORDER BY `listorder` ASC,`id` DESC  [ RunTime:0.0180s ]
SQL: SELECT `id`,`name` as `text`,`listorder`,`id` as `operateid`,`is_system` FROM `stoa_menu` WHERE `parentid` = 38 ORDER BY `listorder` ASC,`id` DESC  [ RunTime:0.0180s ]
SQL: SELECT `id`,`name` as `text`,`listorder`,`id` as `operateid`,`is_system` FROM `stoa_menu` WHERE `parentid` = 37 ORDER BY `listorder` ASC,`id` DESC  [ RunTime:0.0184s ]
SQL: SELECT `id`,`name` as `text`,`listorder`,`id` as `operateid`,`is_system` FROM `stoa_menu` WHERE `parentid` = 35 ORDER BY `listorder` ASC,`id` DESC  [ RunTime:0.0181s ]
SQL: SELECT `id`,`name` as `text`,`listorder`,`id` as `operateid`,`is_system` FROM `stoa_menu` WHERE `parentid` = 4 ORDER BY `listorder` ASC,`id` DESC  [ RunTime:0.0183s ]
SQL: SELECT `id`,`name` as `text`,`listorder`,`id` as `operateid`,`is_system` FROM `stoa_menu` WHERE `parentid` = 42 ORDER BY `listorder` ASC,`id` DESC  [ RunTime:0.0184s ]
SQL: SELECT `id`,`name` as `text`,`listorder`,`id` as `operateid`,`is_system` FROM `stoa_menu` WHERE `parentid` = 44 ORDER BY `listorder` ASC,`id` DESC  [ RunTime:0.0189s ]
SQL: SELECT `id`,`name` as `text`,`listorder`,`id` as `operateid`,`is_system` FROM `stoa_menu` WHERE `parentid` = 43 ORDER BY `listorder` ASC,`id` DESC  [ RunTime:0.0183s ]
SQL: SELECT `id`,`name` as `text`,`listorder`,`id` as `operateid`,`is_system` FROM `stoa_menu` WHERE `parentid` = 5 ORDER BY `listorder` ASC,`id` DESC  [ RunTime:0.0179s ]
SQL: SELECT `id`,`name` as `text`,`listorder`,`id` as `operateid`,`is_system` FROM `stoa_menu` WHERE `parentid` = 14 ORDER BY `listorder` ASC,`id` DESC  [ RunTime:0.0182s ]
SQL: SELECT `id`,`name` as `text`,`listorder`,`id` as `operateid`,`is_system` FROM `stoa_menu` WHERE `parentid` = 45 ORDER BY `listorder` ASC,`id` DESC  [ RunTime:0.0177s ]
SQL: SELECT `id`,`name` as `text`,`listorder`,`id` as `operateid`,`is_system` FROM `stoa_menu` WHERE `parentid` = 15 ORDER BY `listorder` ASC,`id` DESC  [ RunTime:0.0181s ]
SQL: SELECT `id`,`name` as `text`,`listorder`,`id` as `operateid`,`is_system` FROM `stoa_menu` WHERE `parentid` = 23 ORDER BY `listorder` ASC,`id` DESC  [ RunTime:0.0182s ]
SQL: SELECT `id`,`name` as `text`,`listorder`,`id` as `operateid`,`is_system` FROM `stoa_menu` WHERE `parentid` = 22 ORDER BY `listorder` ASC,`id` DESC  [ RunTime:0.0179s ]
SQL: SELECT `id`,`name` as `text`,`listorder`,`id` as `operateid`,`is_system` FROM `stoa_menu` WHERE `parentid` = 16 ORDER BY `listorder` ASC,`id` DESC  [ RunTime:0.0183s ]
SQL: SELECT `id`,`name` as `text`,`listorder`,`id` as `operateid`,`is_system` FROM `stoa_menu` WHERE `parentid` = 21 ORDER BY `listorder` ASC,`id` DESC  [ RunTime:0.0177s ]
SQL: SELECT `id`,`name` as `text`,`listorder`,`id` as `operateid`,`is_system` FROM `stoa_menu` WHERE `parentid` = 20 ORDER BY `listorder` ASC,`id` DESC  [ RunTime:0.0181s ]
SQL: SELECT `id`,`name` as `text`,`listorder`,`id` as `operateid`,`is_system` FROM `stoa_menu` WHERE `parentid` = 19 ORDER BY `listorder` ASC,`id` DESC  [ RunTime:0.0183s ]
SQL: SELECT `id`,`name` as `text`,`listorder`,`id` as `operateid`,`is_system` FROM `stoa_menu` WHERE `parentid` = 18 ORDER BY `listorder` ASC,`id` DESC  [ RunTime:0.0184s ]
SQL: SELECT `id`,`name` as `text`,`listorder`,`id` as `operateid`,`is_system` FROM `stoa_menu` WHERE `parentid` = 17 ORDER BY `listorder` ASC,`id` DESC  [ RunTime:0.0176s ]

[ 2015-12-20T18:43:24+08:00 ] 127.0.0.1 /hicms/index.php/Admin/System/menuList.html?v=4.0
INFO: [ app_init ] --START--
INFO: Run Behavior\BuildLiteBehavior [ RunTime:0.000056s ]
INFO: [ app_init ] --END-- [ RunTime:0.000326s ]
INFO: [ app_begin ] --START--
INFO: Run Behavior\ReadHtmlCacheBehavior [ RunTime:0.002741s ]
INFO: [ app_begin ] --END-- [ RunTime:0.003153s ]
SQL: SHOW COLUMNS FROM `stoa_menu` [ RunTime:0.0212s ]
SQL: SELECT * FROM `stoa_menu` WHERE `id` = 0 LIMIT 1   [ RunTime:0.0223s ]
INFO: [ view_parse ] --START--
INFO: [ template_filter ] --START--
INFO: Run Behavior\ContentReplaceBehavior [ RunTime:0.000125s ]
INFO: [ template_filter ] --END-- [ RunTime:0.000291s ]
INFO: Run Behavior\ParseTemplateBehavior [ RunTime:0.014520s ]
INFO: [ view_parse ] --END-- [ RunTime:0.014859s ]
INFO: [ view_filter ] --START--
INFO: Run Behavior\WriteHtmlCacheBehavior [ RunTime:0.001192s ]
INFO: [ view_filter ] --END-- [ RunTime:0.001485s ]
INFO: [ app_end ] --START--
INFO: Run Behavior\ShowPageTraceBehavior [ RunTime:0.001519s ]
INFO: [ app_end ] --END-- [ RunTime:0.001756s ]

[ 2015-12-20T18:43:27+08:00 ] 127.0.0.1 /hicms/index.php/Admin/System/menuList.html
INFO: [ app_init ] --START--
INFO: Run Behavior\BuildLiteBehavior [ RunTime:0.000054s ]
INFO: [ app_init ] --END-- [ RunTime:0.000330s ]
INFO: [ app_begin ] --START--
INFO: Run Behavior\ReadHtmlCacheBehavior [ RunTime:0.001065s ]
INFO: [ app_begin ] --END-- [ RunTime:0.001293s ]
SQL: SHOW COLUMNS FROM `stoa_menu` [ RunTime:0.0204s ]
SQL: SELECT `id`,`name` as `text`,`listorder`,`id` as `operateid`,`is_system` FROM `stoa_menu` WHERE `parentid` = 0 ORDER BY `listorder` ASC,`id` DESC  [ RunTime:0.0192s ]
SQL: SELECT `id`,`name` as `text`,`listorder`,`id` as `operateid`,`is_system` FROM `stoa_menu` WHERE `parentid` = 53 ORDER BY `listorder` ASC,`id` DESC  [ RunTime:0.0201s ]
SQL: SELECT `id`,`name` as `text`,`listorder`,`id` as `operateid`,`is_system` FROM `stoa_menu` WHERE `parentid` = 55 ORDER BY `listorder` ASC,`id` DESC  [ RunTime:0.0200s ]
SQL: SELECT `id`,`name` as `text`,`listorder`,`id` as `operateid`,`is_system` FROM `stoa_menu` WHERE `parentid` = 60 ORDER BY `listorder` ASC,`id` DESC  [ RunTime:0.0199s ]
SQL: SELECT `id`,`name` as `text`,`listorder`,`id` as `operateid`,`is_system` FROM `stoa_menu` WHERE `parentid` = 59 ORDER BY `listorder` ASC,`id` DESC  [ RunTime:0.0196s ]
SQL: SELECT `id`,`name` as `text`,`listorder`,`id` as `operateid`,`is_system` FROM `stoa_menu` WHERE `parentid` = 56 ORDER BY `listorder` ASC,`id` DESC  [ RunTime:0.0202s ]
SQL: SELECT `id`,`name` as `text`,`listorder`,`id` as `operateid`,`is_system` FROM `stoa_menu` WHERE `parentid` = 54 ORDER BY `listorder` ASC,`id` DESC  [ RunTime:0.0210s ]
SQL: SELECT `id`,`name` as `text`,`listorder`,`id` as `operateid`,`is_system` FROM `stoa_menu` WHERE `parentid` = 48 ORDER BY `listorder` ASC,`id` DESC  [ RunTime:0.0200s ]
SQL: SELECT `id`,`name` as `text`,`listorder`,`id` as `operateid`,`is_system` FROM `stoa_menu` WHERE `parentid` = 67 ORDER BY `listorder` ASC,`id` DESC  [ RunTime:0.0199s ]
SQL: SELECT `id`,`name` as `text`,`listorder`,`id` as `operateid`,`is_system` FROM `stoa_menu` WHERE `parentid` = 69 ORDER BY `listorder` ASC,`id` DESC  [ RunTime:0.0197s ]
SQL: SELECT `id`,`name` as `text`,`listorder`,`id` as `operateid`,`is_system` FROM `stoa_menu` WHERE `parentid` = 68 ORDER BY `listorder` ASC,`id` DESC  [ RunTime:0.0199s ]
SQL: SELECT `id`,`name` as `text`,`listorder`,`id` as `operateid`,`is_system` FROM `stoa_menu` WHERE `parentid` = 65 ORDER BY `listorder` ASC,`id` DESC  [ RunTime:0.0193s ]
SQL: SELECT `id`,`name` as `text`,`listorder`,`id` as `operateid`,`is_system` FROM `stoa_menu` WHERE `parentid` = 66 ORDER BY `listorder` ASC,`id` DESC  [ RunTime:0.0192s ]
SQL: SELECT `id`,`name` as `text`,`listorder`,`id` as `operateid`,`is_system` FROM `stoa_menu` WHERE `parentid` = 61 ORDER BY `listorder` ASC,`id` DESC  [ RunTime:0.0199s ]
SQL: SELECT `id`,`name` as `text`,`listorder`,`id` as `operateid`,`is_system` FROM `stoa_menu` WHERE `parentid` = 64 ORDER BY `listorder` ASC,`id` DESC  [ RunTime:0.0199s ]
SQL: SELECT `id`,`name` as `text`,`listorder`,`id` as `operateid`,`is_system` FROM `stoa_menu` WHERE `parentid` = 63 ORDER BY `listorder` ASC,`id` DESC  [ RunTime:0.0195s ]
SQL: SELECT `id`,`name` as `text`,`listorder`,`id` as `operateid`,`is_system` FROM `stoa_menu` WHERE `parentid` = 62 ORDER BY `listorder` ASC,`id` DESC  [ RunTime:0.0194s ]
SQL: SELECT `id`,`name` as `text`,`listorder`,`id` as `operateid`,`is_system` FROM `stoa_menu` WHERE `parentid` = 51 ORDER BY `listorder` ASC,`id` DESC  [ RunTime:0.0191s ]
SQL: SELECT `id`,`name` as `text`,`listorder`,`id` as `operateid`,`is_system` FROM `stoa_menu` WHERE `parentid` = 52 ORDER BY `listorder` ASC,`id` DESC  [ RunTime:0.0194s ]
SQL: SELECT `id`,`name` as `text`,`listorder`,`id` as `operateid`,`is_system` FROM `stoa_menu` WHERE `parentid` = 50 ORDER BY `listorder` ASC,`id` DESC  [ RunTime:0.0198s ]
SQL: SELECT `id`,`name` as `text`,`listorder`,`id` as `operateid`,`is_system` FROM `stoa_menu` WHERE `parentid` = 49 ORDER BY `listorder` ASC,`id` DESC  [ RunTime:0.0203s ]
SQL: SELECT `id`,`name` as `text`,`listorder`,`id` as `operateid`,`is_system` FROM `stoa_menu` WHERE `parentid` = 1 ORDER BY `listorder` ASC,`id` DESC  [ RunTime:0.0194s ]
SQL: SELECT `id`,`name` as `text`,`listorder`,`id` as `operateid`,`is_system` FROM `stoa_menu` WHERE `parentid` = 6 ORDER BY `listorder` ASC,`id` DESC  [ RunTime:0.0201s ]
SQL: SELECT `id`,`name` as `text`,`listorder`,`id` as `operateid`,`is_system` FROM `stoa_menu` WHERE `parentid` = 8 ORDER BY `listorder` ASC,`id` DESC  [ RunTime:0.0194s ]
SQL: SELECT `id`,`name` as `text`,`listorder`,`id` as `operateid`,`is_system` FROM `stoa_menu` WHERE `parentid` = 7 ORDER BY `listorder` ASC,`id` DESC  [ RunTime:0.0199s ]
SQL: SELECT `id`,`name` as `text`,`listorder`,`id` as `operateid`,`is_system` FROM `stoa_menu` WHERE `parentid` = 2 ORDER BY `listorder` ASC,`id` DESC  [ RunTime:0.0194s ]
SQL: SELECT `id`,`name` as `text`,`listorder`,`id` as `operateid`,`is_system` FROM `stoa_menu` WHERE `parentid` = 9 ORDER BY `listorder` ASC,`id` DESC  [ RunTime:0.0196s ]
SQL: SELECT `id`,`name` as `text`,`listorder`,`id` as `operateid`,`is_system` FROM `stoa_menu` WHERE `parentid` = 10 ORDER BY `listorder` ASC,`id` DESC  [ RunTime:0.0195s ]
SQL: SELECT `id`,`name` as `text`,`listorder`,`id` as `operateid`,`is_system` FROM `stoa_menu` WHERE `parentid` = 11 ORDER BY `listorder` ASC,`id` DESC  [ RunTime:0.0196s ]
SQL: SELECT `id`,`name` as `text`,`listorder`,`id` as `operateid`,`is_system` FROM `stoa_menu` WHERE `parentid` = 12 ORDER BY `listorder` ASC,`id` DESC  [ RunTime:0.0201s ]
SQL: SELECT `id`,`name` as `text`,`listorder`,`id` as `operateid`,`is_system` FROM `stoa_menu` WHERE `parentid` = 27 ORDER BY `listorder` ASC,`id` DESC  [ RunTime:0.0190s ]
SQL: SELECT `id`,`name` as `text`,`listorder`,`id` as `operateid`,`is_system` FROM `stoa_menu` WHERE `parentid` = 26 ORDER BY `listorder` ASC,`id` DESC  [ RunTime:0.0191s ]
SQL: SELECT `id`,`name` as `text`,`listorder`,`id` as `operateid`,`is_system` FROM `stoa_menu` WHERE `parentid` = 25 ORDER BY `listorder` ASC,`id` DESC  [ RunTime:0.0239s ]
SQL: SELECT `id`,`name` as `text`,`listorder`,`id` as `operateid`,`is_system` FROM `stoa_menu` WHERE `parentid` = 24 ORDER BY `listorder` ASC,`id` DESC  [ RunTime:0.0197s ]
SQL: SELECT `id`,`name` as `text`,`listorder`,`id` as `operateid`,`is_system` FROM `stoa_menu` WHERE `parentid` = 13 ORDER BY `listorder` ASC,`id` DESC  [ RunTime:0.0192s ]
SQL: SELECT `id`,`name` as `text`,`listorder`,`id` as `operateid`,`is_system` FROM `stoa_menu` WHERE `parentid` = 33 ORDER BY `listorder` ASC,`id` DESC  [ RunTime:0.0201s ]
SQL: SELECT `id`,`name` as `text`,`listorder`,`id` as `operateid`,`is_system` FROM `stoa_menu` WHERE `parentid` = 32 ORDER BY `listorder` ASC,`id` DESC  [ RunTime:0.0206s ]
SQL: SELECT `id`,`name` as `text`,`listorder`,`id` as `operateid`,`is_system` FROM `stoa_menu` WHERE `parentid` = 31 ORDER BY `listorder` ASC,`id` DESC  [ RunTime:0.0193s ]
SQL: SELECT `id`,`name` as `text`,`listorder`,`id` as `operateid`,`is_system` FROM `stoa_menu` WHERE `parentid` = 30 ORDER BY `listorder` ASC,`id` DESC  [ RunTime:0.0200s ]
SQL: SELECT `id`,`name` as `text`,`listorder`,`id` as `operateid`,`is_system` FROM `stoa_menu` WHERE `parentid` = 29 ORDER BY `listorder` ASC,`id` DESC  [ RunTime:0.0193s ]
SQL: SELECT `id`,`name` as `text`,`listorder`,`id` as `operateid`,`is_system` FROM `stoa_menu` WHERE `parentid` = 28 ORDER BY `listorder` ASC,`id` DESC  [ RunTime:0.0197s ]
SQL: SELECT `id`,`name` as `text`,`listorder`,`id` as `operateid`,`is_system` FROM `stoa_menu` WHERE `parentid` = 3 ORDER BY `listorder` ASC,`id` DESC  [ RunTime:0.0194s ]
SQL: SELECT `id`,`name` as `text`,`listorder`,`id` as `operateid`,`is_system` FROM `stoa_menu` WHERE `parentid` = 57 ORDER BY `listorder` ASC,`id` DESC  [ RunTime:0.0200s ]
SQL: SELECT `id`,`name` as `text`,`listorder`,`id` as `operateid`,`is_system` FROM `stoa_menu` WHERE `parentid` = 58 ORDER BY `listorder` ASC,`id` DESC  [ RunTime:0.0200s ]
SQL: SELECT `id`,`name` as `text`,`listorder`,`id` as `operateid`,`is_system` FROM `stoa_menu` WHERE `parentid` = 34 ORDER BY `listorder` ASC,`id` DESC  [ RunTime:0.0203s ]
SQL: SELECT `id`,`name` as `text`,`listorder`,`id` as `operateid`,`is_system` FROM `stoa_menu` WHERE `parentid` = 36 ORDER BY `listorder` ASC,`id` DESC  [ RunTime:0.0199s ]
SQL: SELECT `id`,`name` as `text`,`listorder`,`id` as `operateid`,`is_system` FROM `stoa_menu` WHERE `parentid` = 41 ORDER BY `listorder` ASC,`id` DESC  [ RunTime:0.0201s ]
SQL: SELECT `id`,`name` as `text`,`listorder`,`id` as `operateid`,`is_system` FROM `stoa_menu` WHERE `parentid` = 40 ORDER BY `listorder` ASC,`id` DESC  [ RunTime:0.0252s ]
SQL: SELECT `id`,`name` as `text`,`listorder`,`id` as `operateid`,`is_system` FROM `stoa_menu` WHERE `parentid` = 39 ORDER BY `listorder` ASC,`id` DESC  [ RunTime:0.0200s ]
SQL: SELECT `id`,`name` as `text`,`listorder`,`id` as `operateid`,`is_system` FROM `stoa_menu` WHERE `parentid` = 38 ORDER BY `listorder` ASC,`id` DESC  [ RunTime:0.0192s ]
SQL: SELECT `id`,`name` as `text`,`listorder`,`id` as `operateid`,`is_system` FROM `stoa_menu` WHERE `parentid` = 37 ORDER BY `listorder` ASC,`id` DESC  [ RunTime:0.0201s ]
SQL: SELECT `id`,`name` as `text`,`listorder`,`id` as `operateid`,`is_system` FROM `stoa_menu` WHERE `parentid` = 35 ORDER BY `listorder` ASC,`id` DESC  [ RunTime:0.0197s ]
SQL: SELECT `id`,`name` as `text`,`listorder`,`id` as `operateid`,`is_system` FROM `stoa_menu` WHERE `parentid` = 4 ORDER BY `listorder` ASC,`id` DESC  [ RunTime:0.0200s ]
SQL: SELECT `id`,`name` as `text`,`listorder`,`id` as `operateid`,`is_system` FROM `stoa_menu` WHERE `parentid` = 42 ORDER BY `listorder` ASC,`id` DESC  [ RunTime:0.0192s ]
SQL: SELECT `id`,`name` as `text`,`listorder`,`id` as `operateid`,`is_system` FROM `stoa_menu` WHERE `parentid` = 44 ORDER BY `listorder` ASC,`id` DESC  [ RunTime:0.0192s ]
SQL: SELECT `id`,`name` as `text`,`listorder`,`id` as `operateid`,`is_system` FROM `stoa_menu` WHERE `parentid` = 43 ORDER BY `listorder` ASC,`id` DESC  [ RunTime:0.0192s ]
SQL: SELECT `id`,`name` as `text`,`listorder`,`id` as `operateid`,`is_system` FROM `stoa_menu` WHERE `parentid` = 5 ORDER BY `listorder` ASC,`id` DESC  [ RunTime:0.0201s ]
SQL: SELECT `id`,`name` as `text`,`listorder`,`id` as `operateid`,`is_system` FROM `stoa_menu` WHERE `parentid` = 14 ORDER BY `listorder` ASC,`id` DESC  [ RunTime:0.0191s ]
SQL: SELECT `id`,`name` as `text`,`listorder`,`id` as `operateid`,`is_system` FROM `stoa_menu` WHERE `parentid` = 45 ORDER BY `listorder` ASC,`id` DESC  [ RunTime:0.0191s ]
SQL: SELECT `id`,`name` as `text`,`listorder`,`id` as `operateid`,`is_system` FROM `stoa_menu` WHERE `parentid` = 15 ORDER BY `listorder` ASC,`id` DESC  [ RunTime:0.0195s ]
SQL: SELECT `id`,`name` as `text`,`listorder`,`id` as `operateid`,`is_system` FROM `stoa_menu` WHERE `parentid` = 23 ORDER BY `listorder` ASC,`id` DESC  [ RunTime:0.0195s ]
SQL: SELECT `id`,`name` as `text`,`listorder`,`id` as `operateid`,`is_system` FROM `stoa_menu` WHERE `parentid` = 22 ORDER BY `listorder` ASC,`id` DESC  [ RunTime:0.0199s ]
SQL: SELECT `id`,`name` as `text`,`listorder`,`id` as `operateid`,`is_system` FROM `stoa_menu` WHERE `parentid` = 16 ORDER BY `listorder` ASC,`id` DESC  [ RunTime:0.0192s ]
SQL: SELECT `id`,`name` as `text`,`listorder`,`id` as `operateid`,`is_system` FROM `stoa_menu` WHERE `parentid` = 21 ORDER BY `listorder` ASC,`id` DESC  [ RunTime:0.0202s ]
SQL: SELECT `id`,`name` as `text`,`listorder`,`id` as `operateid`,`is_system` FROM `stoa_menu` WHERE `parentid` = 20 ORDER BY `listorder` ASC,`id` DESC  [ RunTime:0.0197s ]
SQL: SELECT `id`,`name` as `text`,`listorder`,`id` as `operateid`,`is_system` FROM `stoa_menu` WHERE `parentid` = 19 ORDER BY `listorder` ASC,`id` DESC  [ RunTime:0.0199s ]
SQL: SELECT `id`,`name` as `text`,`listorder`,`id` as `operateid`,`is_system` FROM `stoa_menu` WHERE `parentid` = 18 ORDER BY `listorder` ASC,`id` DESC  [ RunTime:0.0204s ]
SQL: SELECT `id`,`name` as `text`,`listorder`,`id` as `operateid`,`is_system` FROM `stoa_menu` WHERE `parentid` = 17 ORDER BY `listorder` ASC,`id` DESC  [ RunTime:0.0204s ]

[ 2015-12-20T18:44:28+08:00 ] 127.0.0.1 /hicms/index.php/Admin/System/menuList.html?v=4.0
INFO: [ app_init ] --START--
INFO: Run Behavior\BuildLiteBehavior [ RunTime:0.000075s ]
INFO: [ app_init ] --END-- [ RunTime:0.000626s ]
INFO: [ app_begin ] --START--
INFO: Run Behavior\ReadHtmlCacheBehavior [ RunTime:0.001986s ]
INFO: [ app_begin ] --END-- [ RunTime:0.003685s ]
SQL: SHOW COLUMNS FROM `stoa_menu` [ RunTime:0.0187s ]
SQL: SELECT * FROM `stoa_menu` WHERE `id` = 0 LIMIT 1   [ RunTime:0.0196s ]
INFO: [ view_parse ] --START--
INFO: [ template_filter ] --START--
INFO: Run Behavior\ContentReplaceBehavior [ RunTime:0.000127s ]
INFO: [ template_filter ] --END-- [ RunTime:0.000388s ]
INFO: Run Behavior\ParseTemplateBehavior [ RunTime:0.014151s ]
INFO: [ view_parse ] --END-- [ RunTime:0.014388s ]
INFO: [ view_filter ] --START--
INFO: Run Behavior\WriteHtmlCacheBehavior [ RunTime:0.000773s ]
INFO: [ view_filter ] --END-- [ RunTime:0.000938s ]
INFO: [ app_end ] --START--
INFO: Run Behavior\ShowPageTraceBehavior [ RunTime:0.001058s ]
INFO: [ app_end ] --END-- [ RunTime:0.001237s ]

[ 2015-12-20T18:44:30+08:00 ] 127.0.0.1 /hicms/index.php/Admin/System/menuList.html
INFO: [ app_init ] --START--
INFO: Run Behavior\BuildLiteBehavior [ RunTime:0.000034s ]
INFO: [ app_init ] --END-- [ RunTime:0.000194s ]
INFO: [ app_begin ] --START--
INFO: Run Behavior\ReadHtmlCacheBehavior [ RunTime:0.002281s ]
INFO: [ app_begin ] --END-- [ RunTime:0.002647s ]
SQL: SHOW COLUMNS FROM `stoa_menu` [ RunTime:0.0202s ]
SQL: SELECT `id`,`name` as `text`,`listorder`,`id` as `operateid`,`is_system` FROM `stoa_menu` WHERE `parentid` = 0 ORDER BY `listorder` ASC,`id` DESC  [ RunTime:0.0194s ]
SQL: SELECT `id`,`name` as `text`,`listorder`,`id` as `operateid`,`is_system` FROM `stoa_menu` WHERE `parentid` = 53 ORDER BY `listorder` ASC,`id` DESC  [ RunTime:0.0198s ]
SQL: SELECT `id`,`name` as `text`,`listorder`,`id` as `operateid`,`is_system` FROM `stoa_menu` WHERE `parentid` = 55 ORDER BY `listorder` ASC,`id` DESC  [ RunTime:0.0206s ]
SQL: SELECT `id`,`name` as `text`,`listorder`,`id` as `operateid`,`is_system` FROM `stoa_menu` WHERE `parentid` = 60 ORDER BY `listorder` ASC,`id` DESC  [ RunTime:0.0192s ]
SQL: SELECT `id`,`name` as `text`,`listorder`,`id` as `operateid`,`is_system` FROM `stoa_menu` WHERE `parentid` = 59 ORDER BY `listorder` ASC,`id` DESC  [ RunTime:0.0200s ]
SQL: SELECT `id`,`name` as `text`,`listorder`,`id` as `operateid`,`is_system` FROM `stoa_menu` WHERE `parentid` = 56 ORDER BY `listorder` ASC,`id` DESC  [ RunTime:0.0198s ]
SQL: SELECT `id`,`name` as `text`,`listorder`,`id` as `operateid`,`is_system` FROM `stoa_menu` WHERE `parentid` = 54 ORDER BY `listorder` ASC,`id` DESC  [ RunTime:0.0198s ]
SQL: SELECT `id`,`name` as `text`,`listorder`,`id` as `operateid`,`is_system` FROM `stoa_menu` WHERE `parentid` = 48 ORDER BY `listorder` ASC,`id` DESC  [ RunTime:0.0200s ]
SQL: SELECT `id`,`name` as `text`,`listorder`,`id` as `operateid`,`is_system` FROM `stoa_menu` WHERE `parentid` = 67 ORDER BY `listorder` ASC,`id` DESC  [ RunTime:0.0207s ]
SQL: SELECT `id`,`name` as `text`,`listorder`,`id` as `operateid`,`is_system` FROM `stoa_menu` WHERE `parentid` = 69 ORDER BY `listorder` ASC,`id` DESC  [ RunTime:0.0198s ]
SQL: SELECT `id`,`name` as `text`,`listorder`,`id` as `operateid`,`is_system` FROM `stoa_menu` WHERE `parentid` = 68 ORDER BY `listorder` ASC,`id` DESC  [ RunTime:0.0199s ]
SQL: SELECT `id`,`name` as `text`,`listorder`,`id` as `operateid`,`is_system` FROM `stoa_menu` WHERE `parentid` = 65 ORDER BY `listorder` ASC,`id` DESC  [ RunTime:0.0194s ]
SQL: SELECT `id`,`name` as `text`,`listorder`,`id` as `operateid`,`is_system` FROM `stoa_menu` WHERE `parentid` = 66 ORDER BY `listorder` ASC,`id` DESC  [ RunTime:0.0204s ]
SQL: SELECT `id`,`name` as `text`,`listorder`,`id` as `operateid`,`is_system` FROM `stoa_menu` WHERE `parentid` = 61 ORDER BY `listorder` ASC,`id` DESC  [ RunTime:0.0205s ]
SQL: SELECT `id`,`name` as `text`,`listorder`,`id` as `operateid`,`is_system` FROM `stoa_menu` WHERE `parentid` = 64 ORDER BY `listorder` ASC,`id` DESC  [ RunTime:0.0200s ]
SQL: SELECT `id`,`name` as `text`,`listorder`,`id` as `operateid`,`is_system` FROM `stoa_menu` WHERE `parentid` = 63 ORDER BY `listorder` ASC,`id` DESC  [ RunTime:0.0199s ]
SQL: SELECT `id`,`name` as `text`,`listorder`,`id` as `operateid`,`is_system` FROM `stoa_menu` WHERE `parentid` = 62 ORDER BY `listorder` ASC,`id` DESC  [ RunTime:0.0193s ]
SQL: SELECT `id`,`name` as `text`,`listorder`,`id` as `operateid`,`is_system` FROM `stoa_menu` WHERE `parentid` = 51 ORDER BY `listorder` ASC,`id` DESC  [ RunTime:0.0192s ]
SQL: SELECT `id`,`name` as `text`,`listorder`,`id` as `operateid`,`is_system` FROM `stoa_menu` WHERE `parentid` = 52 ORDER BY `listorder` ASC,`id` DESC  [ RunTime:0.0194s ]
SQL: SELECT `id`,`name` as `text`,`listorder`,`id` as `operateid`,`is_system` FROM `stoa_menu` WHERE `parentid` = 50 ORDER BY `listorder` ASC,`id` DESC  [ RunTime:0.0205s ]
SQL: SELECT `id`,`name` as `text`,`listorder`,`id` as `operateid`,`is_system` FROM `stoa_menu` WHERE `parentid` = 49 ORDER BY `listorder` ASC,`id` DESC  [ RunTime:0.0201s ]
SQL: SELECT `id`,`name` as `text`,`listorder`,`id` as `operateid`,`is_system` FROM `stoa_menu` WHERE `parentid` = 1 ORDER BY `listorder` ASC,`id` DESC  [ RunTime:0.0197s ]
SQL: SELECT `id`,`name` as `text`,`listorder`,`id` as `operateid`,`is_system` FROM `stoa_menu` WHERE `parentid` = 6 ORDER BY `listorder` ASC,`id` DESC  [ RunTime:0.0206s ]
SQL: SELECT `id`,`name` as `text`,`listorder`,`id` as `operateid`,`is_system` FROM `stoa_menu` WHERE `parentid` = 8 ORDER BY `listorder` ASC,`id` DESC  [ RunTime:0.0198s ]
SQL: SELECT `id`,`name` as `text`,`listorder`,`id` as `operateid`,`is_system` FROM `stoa_menu` WHERE `parentid` = 7 ORDER BY `listorder` ASC,`id` DESC  [ RunTime:0.0195s ]
SQL: SELECT `id`,`name` as `text`,`listorder`,`id` as `operateid`,`is_system` FROM `stoa_menu` WHERE `parentid` = 2 ORDER BY `listorder` ASC,`id` DESC  [ RunTime:0.0200s ]
SQL: SELECT `id`,`name` as `text`,`listorder`,`id` as `operateid`,`is_system` FROM `stoa_menu` WHERE `parentid` = 9 ORDER BY `listorder` ASC,`id` DESC  [ RunTime:0.0201s ]
SQL: SELECT `id`,`name` as `text`,`listorder`,`id` as `operateid`,`is_system` FROM `stoa_menu` WHERE `parentid` = 10 ORDER BY `listorder` ASC,`id` DESC  [ RunTime:0.0202s ]
SQL: SELECT `id`,`name` as `text`,`listorder`,`id` as `operateid`,`is_system` FROM `stoa_menu` WHERE `parentid` = 11 ORDER BY `listorder` ASC,`id` DESC  [ RunTime:0.0195s ]
SQL: SELECT `id`,`name` as `text`,`listorder`,`id` as `operateid`,`is_system` FROM `stoa_menu` WHERE `parentid` = 12 ORDER BY `listorder` ASC,`id` DESC  [ RunTime:0.0198s ]
SQL: SELECT `id`,`name` as `text`,`listorder`,`id` as `operateid`,`is_system` FROM `stoa_menu` WHERE `parentid` = 27 ORDER BY `listorder` ASC,`id` DESC  [ RunTime:0.0194s ]
SQL: SELECT `id`,`name` as `text`,`listorder`,`id` as `operateid`,`is_system` FROM `stoa_menu` WHERE `parentid` = 26 ORDER BY `listorder` ASC,`id` DESC  [ RunTime:0.0190s ]
SQL: SELECT `id`,`name` as `text`,`listorder`,`id` as `operateid`,`is_system` FROM `stoa_menu` WHERE `parentid` = 25 ORDER BY `listorder` ASC,`id` DESC  [ RunTime:0.0197s ]
SQL: SELECT `id`,`name` as `text`,`listorder`,`id` as `operateid`,`is_system` FROM `stoa_menu` WHERE `parentid` = 24 ORDER BY `listorder` ASC,`id` DESC  [ RunTime:0.0196s ]
SQL: SELECT `id`,`name` as `text`,`listorder`,`id` as `operateid`,`is_system` FROM `stoa_menu` WHERE `parentid` = 13 ORDER BY `listorder` ASC,`id` DESC  [ RunTime:0.0195s ]
SQL: SELECT `id`,`name` as `text`,`listorder`,`id` as `operateid`,`is_system` FROM `stoa_menu` WHERE `parentid` = 33 ORDER BY `listorder` ASC,`id` DESC  [ RunTime:0.0208s ]
SQL: SELECT `id`,`name` as `text`,`listorder`,`id` as `operateid`,`is_system` FROM `stoa_menu` WHERE `parentid` = 32 ORDER BY `listorder` ASC,`id` DESC  [ RunTime:0.0205s ]
SQL: SELECT `id`,`name` as `text`,`listorder`,`id` as `operateid`,`is_system` FROM `stoa_menu` WHERE `parentid` = 31 ORDER BY `listorder` ASC,`id` DESC  [ RunTime:0.0200s ]
SQL: SELECT `id`,`name` as `text`,`listorder`,`id` as `operateid`,`is_system` FROM `stoa_menu` WHERE `parentid` = 30 ORDER BY `listorder` ASC,`id` DESC  [ RunTime:0.0199s ]
SQL: SELECT `id`,`name` as `text`,`listorder`,`id` as `operateid`,`is_system` FROM `stoa_menu` WHERE `parentid` = 29 ORDER BY `listorder` ASC,`id` DESC  [ RunTime:0.0200s ]
SQL: SELECT `id`,`name` as `text`,`listorder`,`id` as `operateid`,`is_system` FROM `stoa_menu` WHERE `parentid` = 28 ORDER BY `listorder` ASC,`id` DESC  [ RunTime:0.0193s ]
SQL: SELECT `id`,`name` as `text`,`listorder`,`id` as `operateid`,`is_system` FROM `stoa_menu` WHERE `parentid` = 3 ORDER BY `listorder` ASC,`id` DESC  [ RunTime:0.0196s ]
SQL: SELECT `id`,`name` as `text`,`listorder`,`id` as `operateid`,`is_system` FROM `stoa_menu` WHERE `parentid` = 57 ORDER BY `listorder` ASC,`id` DESC  [ RunTime:0.0197s ]
SQL: SELECT `id`,`name` as `text`,`listorder`,`id` as `operateid`,`is_system` FROM `stoa_menu` WHERE `parentid` = 58 ORDER BY `listorder` ASC,`id` DESC  [ RunTime:0.0192s ]
SQL: SELECT `id`,`name` as `text`,`listorder`,`id` as `operateid`,`is_system` FROM `stoa_menu` WHERE `parentid` = 34 ORDER BY `listorder` ASC,`id` DESC  [ RunTime:0.0191s ]
SQL: SELECT `id`,`name` as `text`,`listorder`,`id` as `operateid`,`is_system` FROM `stoa_menu` WHERE `parentid` = 36 ORDER BY `listorder` ASC,`id` DESC  [ RunTime:0.0201s ]
SQL: SELECT `id`,`name` as `text`,`listorder`,`id` as `operateid`,`is_system` FROM `stoa_menu` WHERE `parentid` = 41 ORDER BY `listorder` ASC,`id` DESC  [ RunTime:0.0209s ]
SQL: SELECT `id`,`name` as `text`,`listorder`,`id` as `operateid`,`is_system` FROM `stoa_menu` WHERE `parentid` = 40 ORDER BY `listorder` ASC,`id` DESC  [ RunTime:0.0202s ]
SQL: SELECT `id`,`name` as `text`,`listorder`,`id` as `operateid`,`is_system` FROM `stoa_menu` WHERE `parentid` = 39 ORDER BY `listorder` ASC,`id` DESC  [ RunTime:0.0200s ]
SQL: SELECT `id`,`name` as `text`,`listorder`,`id` as `operateid`,`is_system` FROM `stoa_menu` WHERE `parentid` = 38 ORDER BY `listorder` ASC,`id` DESC  [ RunTime:0.0198s ]
SQL: SELECT `id`,`name` as `text`,`listorder`,`id` as `operateid`,`is_system` FROM `stoa_menu` WHERE `parentid` = 37 ORDER BY `listorder` ASC,`id` DESC  [ RunTime:0.0193s ]
SQL: SELECT `id`,`name` as `text`,`listorder`,`id` as `operateid`,`is_system` FROM `stoa_menu` WHERE `parentid` = 35 ORDER BY `listorder` ASC,`id` DESC  [ RunTime:0.0203s ]
SQL: SELECT `id`,`name` as `text`,`listorder`,`id` as `operateid`,`is_system` FROM `stoa_menu` WHERE `parentid` = 4 ORDER BY `listorder` ASC,`id` DESC  [ RunTime:0.0192s ]
SQL: SELECT `id`,`name` as `text`,`listorder`,`id` as `operateid`,`is_system` FROM `stoa_menu` WHERE `parentid` = 42 ORDER BY `listorder` ASC,`id` DESC  [ RunTime:0.0198s ]
SQL: SELECT `id`,`name` as `text`,`listorder`,`id` as `operateid`,`is_system` FROM `stoa_menu` WHERE `parentid` = 44 ORDER BY `listorder` ASC,`id` DESC  [ RunTime:0.0194s ]
SQL: SELECT `id`,`name` as `text`,`listorder`,`id` as `operateid`,`is_system` FROM `stoa_menu` WHERE `parentid` = 43 ORDER BY `listorder` ASC,`id` DESC  [ RunTime:0.0201s ]
SQL: SELECT `id`,`name` as `text`,`listorder`,`id` as `operateid`,`is_system` FROM `stoa_menu` WHERE `parentid` = 5 ORDER BY `listorder` ASC,`id` DESC  [ RunTime:0.0202s ]
SQL: SELECT `id`,`name` as `text`,`listorder`,`id` as `operateid`,`is_system` FROM `stoa_menu` WHERE `parentid` = 14 ORDER BY `listorder` ASC,`id` DESC  [ RunTime:0.0200s ]
SQL: SELECT `id`,`name` as `text`,`listorder`,`id` as `operateid`,`is_system` FROM `stoa_menu` WHERE `parentid` = 45 ORDER BY `listorder` ASC,`id` DESC  [ RunTime:0.0191s ]
SQL: SELECT `id`,`name` as `text`,`listorder`,`id` as `operateid`,`is_system` FROM `stoa_menu` WHERE `parentid` = 15 ORDER BY `listorder` ASC,`id` DESC  [ RunTime:0.0191s ]
SQL: SELECT `id`,`name` as `text`,`listorder`,`id` as `operateid`,`is_system` FROM `stoa_menu` WHERE `parentid` = 23 ORDER BY `listorder` ASC,`id` DESC  [ RunTime:0.0200s ]
SQL: SELECT `id`,`name` as `text`,`listorder`,`id` as `operateid`,`is_system` FROM `stoa_menu` WHERE `parentid` = 22 ORDER BY `listorder` ASC,`id` DESC  [ RunTime:0.0200s ]
SQL: SELECT `id`,`name` as `text`,`listorder`,`id` as `operateid`,`is_system` FROM `stoa_menu` WHERE `parentid` = 16 ORDER BY `listorder` ASC,`id` DESC  [ RunTime:0.0199s ]
SQL: SELECT `id`,`name` as `text`,`listorder`,`id` as `operateid`,`is_system` FROM `stoa_menu` WHERE `parentid` = 21 ORDER BY `listorder` ASC,`id` DESC  [ RunTime:0.0194s ]
SQL: SELECT `id`,`name` as `text`,`listorder`,`id` as `operateid`,`is_system` FROM `stoa_menu` WHERE `parentid` = 20 ORDER BY `listorder` ASC,`id` DESC  [ RunTime:0.0200s ]
SQL: SELECT `id`,`name` as `text`,`listorder`,`id` as `operateid`,`is_system` FROM `stoa_menu` WHERE `parentid` = 19 ORDER BY `listorder` ASC,`id` DESC  [ RunTime:0.0193s ]
SQL: SELECT `id`,`name` as `text`,`listorder`,`id` as `operateid`,`is_system` FROM `stoa_menu` WHERE `parentid` = 18 ORDER BY `listorder` ASC,`id` DESC  [ RunTime:0.0191s ]
SQL: SELECT `id`,`name` as `text`,`listorder`,`id` as `operateid`,`is_system` FROM `stoa_menu` WHERE `parentid` = 17 ORDER BY `listorder` ASC,`id` DESC  [ RunTime:0.0191s ]

[ 2015-12-20T18:44:48+08:00 ] 127.0.0.1 /hicms/index.php/Admin/System/menuList.html?v=4.0
INFO: [ app_init ] --START--
INFO: Run Behavior\BuildLiteBehavior [ RunTime:0.000035s ]
INFO: [ app_init ] --END-- [ RunTime:0.000250s ]
INFO: [ app_begin ] --START--
INFO: Run Behavior\ReadHtmlCacheBehavior [ RunTime:0.000862s ]
INFO: [ app_begin ] --END-- [ RunTime:0.001282s ]
SQL: SHOW COLUMNS FROM `stoa_menu` [ RunTime:0.0223s ]
SQL: SELECT * FROM `stoa_menu` WHERE `id` = 0 LIMIT 1   [ RunTime:0.0249s ]
INFO: [ view_parse ] --START--
INFO: [ template_filter ] --START--
INFO: Run Behavior\ContentReplaceBehavior [ RunTime:0.000203s ]
INFO: [ template_filter ] --END-- [ RunTime:0.000481s ]
INFO: Run Behavior\ParseTemplateBehavior [ RunTime:0.013183s ]
INFO: [ view_parse ] --END-- [ RunTime:0.013914s ]
INFO: [ view_filter ] --START--
INFO: Run Behavior\WriteHtmlCacheBehavior [ RunTime:0.001120s ]
INFO: [ view_filter ] --END-- [ RunTime:0.001399s ]
INFO: [ app_end ] --START--
INFO: Run Behavior\ShowPageTraceBehavior [ RunTime:0.000992s ]
INFO: [ app_end ] --END-- [ RunTime:0.001145s ]

[ 2015-12-20T18:44:51+08:00 ] 127.0.0.1 /hicms/index.php/Admin/System/menuList.html
INFO: [ app_init ] --START--
INFO: Run Behavior\BuildLiteBehavior [ RunTime:0.000061s ]
INFO: [ app_init ] --END-- [ RunTime:0.000365s ]
INFO: [ app_begin ] --START--
INFO: Run Behavior\ReadHtmlCacheBehavior [ RunTime:0.001008s ]
INFO: [ app_begin ] --END-- [ RunTime:0.001167s ]
SQL: SHOW COLUMNS FROM `stoa_menu` [ RunTime:0.0200s ]
SQL: SELECT `id`,`name` as `text`,`listorder`,`id` as `operateid`,`is_system` FROM `stoa_menu` WHERE `parentid` = 0 ORDER BY `listorder` ASC,`id` DESC  [ RunTime:0.0203s ]
SQL: SELECT `id`,`name` as `text`,`listorder`,`id` as `operateid`,`is_system` FROM `stoa_menu` WHERE `parentid` = 53 ORDER BY `listorder` ASC,`id` DESC  [ RunTime:0.0193s ]
SQL: SELECT `id`,`name` as `text`,`listorder`,`id` as `operateid`,`is_system` FROM `stoa_menu` WHERE `parentid` = 55 ORDER BY `listorder` ASC,`id` DESC  [ RunTime:0.0201s ]
SQL: SELECT `id`,`name` as `text`,`listorder`,`id` as `operateid`,`is_system` FROM `stoa_menu` WHERE `parentid` = 60 ORDER BY `listorder` ASC,`id` DESC  [ RunTime:0.0203s ]
SQL: SELECT `id`,`name` as `text`,`listorder`,`id` as `operateid`,`is_system` FROM `stoa_menu` WHERE `parentid` = 59 ORDER BY `listorder` ASC,`id` DESC  [ RunTime:0.0207s ]
SQL: SELECT `id`,`name` as `text`,`listorder`,`id` as `operateid`,`is_system` FROM `stoa_menu` WHERE `parentid` = 56 ORDER BY `listorder` ASC,`id` DESC  [ RunTime:0.0199s ]
SQL: SELECT `id`,`name` as `text`,`listorder`,`id` as `operateid`,`is_system` FROM `stoa_menu` WHERE `parentid` = 54 ORDER BY `listorder` ASC,`id` DESC  [ RunTime:0.0201s ]
SQL: SELECT `id`,`name` as `text`,`listorder`,`id` as `operateid`,`is_system` FROM `stoa_menu` WHERE `parentid` = 48 ORDER BY `listorder` ASC,`id` DESC  [ RunTime:0.0199s ]
SQL: SELECT `id`,`name` as `text`,`listorder`,`id` as `operateid`,`is_system` FROM `stoa_menu` WHERE `parentid` = 67 ORDER BY `listorder` ASC,`id` DESC  [ RunTime:0.0199s ]
SQL: SELECT `id`,`name` as `text`,`listorder`,`id` as `operateid`,`is_system` FROM `stoa_menu` WHERE `parentid` = 69 ORDER BY `listorder` ASC,`id` DESC  [ RunTime:0.0201s ]
SQL: SELECT `id`,`name` as `text`,`listorder`,`id` as `operateid`,`is_system` FROM `stoa_menu` WHERE `parentid` = 68 ORDER BY `listorder` ASC,`id` DESC  [ RunTime:0.0200s ]
SQL: SELECT `id`,`name` as `text`,`listorder`,`id` as `operateid`,`is_system` FROM `stoa_menu` WHERE `parentid` = 65 ORDER BY `listorder` ASC,`id` DESC  [ RunTime:0.0200s ]
SQL: SELECT `id`,`name` as `text`,`listorder`,`id` as `operateid`,`is_system` FROM `stoa_menu` WHERE `parentid` = 66 ORDER BY `listorder` ASC,`id` DESC  [ RunTime:0.0199s ]
SQL: SELECT `id`,`name` as `text`,`listorder`,`id` as `operateid`,`is_system` FROM `stoa_menu` WHERE `parentid` = 61 ORDER BY `listorder` ASC,`id` DESC  [ RunTime:0.0194s ]
SQL: SELECT `id`,`name` as `text`,`listorder`,`id` as `operateid`,`is_system` FROM `stoa_menu` WHERE `parentid` = 64 ORDER BY `listorder` ASC,`id` DESC  [ RunTime:0.0201s ]
SQL: SELECT `id`,`name` as `text`,`listorder`,`id` as `operateid`,`is_system` FROM `stoa_menu` WHERE `parentid` = 63 ORDER BY `listorder` ASC,`id` DESC  [ RunTime:0.0192s ]
SQL: SELECT `id`,`name` as `text`,`listorder`,`id` as `operateid`,`is_system` FROM `stoa_menu` WHERE `parentid` = 62 ORDER BY `listorder` ASC,`id` DESC  [ RunTime:0.0198s ]
SQL: SELECT `id`,`name` as `text`,`listorder`,`id` as `operateid`,`is_system` FROM `stoa_menu` WHERE `parentid` = 51 ORDER BY `listorder` ASC,`id` DESC  [ RunTime:0.0200s ]
SQL: SELECT `id`,`name` as `text`,`listorder`,`id` as `operateid`,`is_system` FROM `stoa_menu` WHERE `parentid` = 52 ORDER BY `listorder` ASC,`id` DESC  [ RunTime:0.0201s ]
SQL: SELECT `id`,`name` as `text`,`listorder`,`id` as `operateid`,`is_system` FROM `stoa_menu` WHERE `parentid` = 50 ORDER BY `listorder` ASC,`id` DESC  [ RunTime:0.0201s ]
SQL: SELECT `id`,`name` as `text`,`listorder`,`id` as `operateid`,`is_system` FROM `stoa_menu` WHERE `parentid` = 49 ORDER BY `listorder` ASC,`id` DESC  [ RunTime:0.0200s ]
SQL: SELECT `id`,`name` as `text`,`listorder`,`id` as `operateid`,`is_system` FROM `stoa_menu` WHERE `parentid` = 1 ORDER BY `listorder` ASC,`id` DESC  [ RunTime:0.0192s ]
SQL: SELECT `id`,`name` as `text`,`listorder`,`id` as `operateid`,`is_system` FROM `stoa_menu` WHERE `parentid` = 6 ORDER BY `listorder` ASC,`id` DESC  [ RunTime:0.0195s ]
SQL: SELECT `id`,`name` as `text`,`listorder`,`id` as `operateid`,`is_system` FROM `stoa_menu` WHERE `parentid` = 8 ORDER BY `listorder` ASC,`id` DESC  [ RunTime:0.0192s ]
SQL: SELECT `id`,`name` as `text`,`listorder`,`id` as `operateid`,`is_system` FROM `stoa_menu` WHERE `parentid` = 7 ORDER BY `listorder` ASC,`id` DESC  [ RunTime:0.0194s ]
SQL: SELECT `id`,`name` as `text`,`listorder`,`id` as `operateid`,`is_system` FROM `stoa_menu` WHERE `parentid` = 2 ORDER BY `listorder` ASC,`id` DESC  [ RunTime:0.0201s ]
SQL: SELECT `id`,`name` as `text`,`listorder`,`id` as `operateid`,`is_system` FROM `stoa_menu` WHERE `parentid` = 9 ORDER BY `listorder` ASC,`id` DESC  [ RunTime:0.0199s ]
SQL: SELECT `id`,`name` as `text`,`listorder`,`id` as `operateid`,`is_system` FROM `stoa_menu` WHERE `parentid` = 10 ORDER BY `listorder` ASC,`id` DESC  [ RunTime:0.0195s ]
SQL: SELECT `id`,`name` as `text`,`listorder`,`id` as `operateid`,`is_system` FROM `stoa_menu` WHERE `parentid` = 11 ORDER BY `listorder` ASC,`id` DESC  [ RunTime:0.0274s ]
SQL: SELECT `id`,`name` as `text`,`listorder`,`id` as `operateid`,`is_system` FROM `stoa_menu` WHERE `parentid` = 12 ORDER BY `listorder` ASC,`id` DESC  [ RunTime:0.0200s ]
SQL: SELECT `id`,`name` as `text`,`listorder`,`id` as `operateid`,`is_system` FROM `stoa_menu` WHERE `parentid` = 27 ORDER BY `listorder` ASC,`id` DESC  [ RunTime:0.0200s ]
SQL: SELECT `id`,`name` as `text`,`listorder`,`id` as `operateid`,`is_system` FROM `stoa_menu` WHERE `parentid` = 26 ORDER BY `listorder` ASC,`id` DESC  [ RunTime:0.0198s ]
SQL: SELECT `id`,`name` as `text`,`listorder`,`id` as `operateid`,`is_system` FROM `stoa_menu` WHERE `parentid` = 25 ORDER BY `listorder` ASC,`id` DESC  [ RunTime:0.0195s ]
SQL: SELECT `id`,`name` as `text`,`listorder`,`id` as `operateid`,`is_system` FROM `stoa_menu` WHERE `parentid` = 24 ORDER BY `listorder` ASC,`id` DESC  [ RunTime:0.0193s ]
SQL: SELECT `id`,`name` as `text`,`listorder`,`id` as `operateid`,`is_system` FROM `stoa_menu` WHERE `parentid` = 13 ORDER BY `listorder` ASC,`id` DESC  [ RunTime:0.0202s ]
SQL: SELECT `id`,`name` as `text`,`listorder`,`id` as `operateid`,`is_system` FROM `stoa_menu` WHERE `parentid` = 33 ORDER BY `listorder` ASC,`id` DESC  [ RunTime:0.0202s ]
SQL: SELECT `id`,`name` as `text`,`listorder`,`id` as `operateid`,`is_system` FROM `stoa_menu` WHERE `parentid` = 32 ORDER BY `listorder` ASC,`id` DESC  [ RunTime:0.0198s ]
SQL: SELECT `id`,`name` as `text`,`listorder`,`id` as `operateid`,`is_system` FROM `stoa_menu` WHERE `parentid` = 31 ORDER BY `listorder` ASC,`id` DESC  [ RunTime:0.0192s ]
SQL: SELECT `id`,`name` as `text`,`listorder`,`id` as `operateid`,`is_system` FROM `stoa_menu` WHERE `parentid` = 30 ORDER BY `listorder` ASC,`id` DESC  [ RunTime:0.0207s ]
SQL: SELECT `id`,`name` as `text`,`listorder`,`id` as `operateid`,`is_system` FROM `stoa_menu` WHERE `parentid` = 29 ORDER BY `listorder` ASC,`id` DESC  [ RunTime:0.0212s ]
SQL: SELECT `id`,`name` as `text`,`listorder`,`id` as `operateid`,`is_system` FROM `stoa_menu` WHERE `parentid` = 28 ORDER BY `listorder` ASC,`id` DESC  [ RunTime:0.0203s ]
SQL: SELECT `id`,`name` as `text`,`listorder`,`id` as `operateid`,`is_system` FROM `stoa_menu` WHERE `parentid` = 3 ORDER BY `listorder` ASC,`id` DESC  [ RunTime:0.0193s ]
SQL: SELECT `id`,`name` as `text`,`listorder`,`id` as `operateid`,`is_system` FROM `stoa_menu` WHERE `parentid` = 57 ORDER BY `listorder` ASC,`id` DESC  [ RunTime:0.0203s ]
SQL: SELECT `id`,`name` as `text`,`listorder`,`id` as `operateid`,`is_system` FROM `stoa_menu` WHERE `parentid` = 58 ORDER BY `listorder` ASC,`id` DESC  [ RunTime:0.0195s ]
SQL: SELECT `id`,`name` as `text`,`listorder`,`id` as `operateid`,`is_system` FROM `stoa_menu` WHERE `parentid` = 34 ORDER BY `listorder` ASC,`id` DESC  [ RunTime:0.0200s ]
SQL: SELECT `id`,`name` as `text`,`listorder`,`id` as `operateid`,`is_system` FROM `stoa_menu` WHERE `parentid` = 36 ORDER BY `listorder` ASC,`id` DESC  [ RunTime:0.0200s ]
SQL: SELECT `id`,`name` as `text`,`listorder`,`id` as `operateid`,`is_system` FROM `stoa_menu` WHERE `parentid` = 41 ORDER BY `listorder` ASC,`id` DESC  [ RunTime:0.0199s ]
SQL: SELECT `id`,`name` as `text`,`listorder`,`id` as `operateid`,`is_system` FROM `stoa_menu` WHERE `parentid` = 40 ORDER BY `listorder` ASC,`id` DESC  [ RunTime:0.0193s ]
SQL: SELECT `id`,`name` as `text`,`listorder`,`id` as `operateid`,`is_system` FROM `stoa_menu` WHERE `parentid` = 39 ORDER BY `listorder` ASC,`id` DESC  [ RunTime:0.0194s ]
SQL: SELECT `id`,`name` as `text`,`listorder`,`id` as `operateid`,`is_system` FROM `stoa_menu` WHERE `parentid` = 38 ORDER BY `listorder` ASC,`id` DESC  [ RunTime:0.0193s ]
SQL: SELECT `id`,`name` as `text`,`listorder`,`id` as `operateid`,`is_system` FROM `stoa_menu` WHERE `parentid` = 37 ORDER BY `listorder` ASC,`id` DESC  [ RunTime:0.0200s ]
SQL: SELECT `id`,`name` as `text`,`listorder`,`id` as `operateid`,`is_system` FROM `stoa_menu` WHERE `parentid` = 35 ORDER BY `listorder` ASC,`id` DESC  [ RunTime:0.0194s ]
SQL: SELECT `id`,`name` as `text`,`listorder`,`id` as `operateid`,`is_system` FROM `stoa_menu` WHERE `parentid` = 4 ORDER BY `listorder` ASC,`id` DESC  [ RunTime:0.0199s ]
SQL: SELECT `id`,`name` as `text`,`listorder`,`id` as `operateid`,`is_system` FROM `stoa_menu` WHERE `parentid` = 42 ORDER BY `listorder` ASC,`id` DESC  [ RunTime:0.0194s ]
SQL: SELECT `id`,`name` as `text`,`listorder`,`id` as `operateid`,`is_system` FROM `stoa_menu` WHERE `parentid` = 44 ORDER BY `listorder` ASC,`id` DESC  [ RunTime:0.0205s ]
SQL: SELECT `id`,`name` as `text`,`listorder`,`id` as `operateid`,`is_system` FROM `stoa_menu` WHERE `parentid` = 43 ORDER BY `listorder` ASC,`id` DESC  [ RunTime:0.0207s ]
SQL: SELECT `id`,`name` as `text`,`listorder`,`id` as `operateid`,`is_system` FROM `stoa_menu` WHERE `parentid` = 5 ORDER BY `listorder` ASC,`id` DESC  [ RunTime:0.0199s ]
SQL: SELECT `id`,`name` as `text`,`listorder`,`id` as `operateid`,`is_system` FROM `stoa_menu` WHERE `parentid` = 14 ORDER BY `listorder` ASC,`id` DESC  [ RunTime:0.0196s ]
SQL: SELECT `id`,`name` as `text`,`listorder`,`id` as `operateid`,`is_system` FROM `stoa_menu` WHERE `parentid` = 45 ORDER BY `listorder` ASC,`id` DESC  [ RunTime:0.0201s ]
SQL: SELECT `id`,`name` as `text`,`listorder`,`id` as `operateid`,`is_system` FROM `stoa_menu` WHERE `parentid` = 15 ORDER BY `listorder` ASC,`id` DESC  [ RunTime:0.0196s ]
SQL: SELECT `id`,`name` as `text`,`listorder`,`id` as `operateid`,`is_system` FROM `stoa_menu` WHERE `parentid` = 23 ORDER BY `listorder` ASC,`id` DESC  [ RunTime:0.0200s ]
SQL: SELECT `id`,`name` as `text`,`listorder`,`id` as `operateid`,`is_system` FROM `stoa_menu` WHERE `parentid` = 22 ORDER BY `listorder` ASC,`id` DESC  [ RunTime:0.0205s ]
SQL: SELECT `id`,`name` as `text`,`listorder`,`id` as `operateid`,`is_system` FROM `stoa_menu` WHERE `parentid` = 16 ORDER BY `listorder` ASC,`id` DESC  [ RunTime:0.0202s ]
SQL: SELECT `id`,`name` as `text`,`listorder`,`id` as `operateid`,`is_system` FROM `stoa_menu` WHERE `parentid` = 21 ORDER BY `listorder` ASC,`id` DESC  [ RunTime:0.0193s ]
SQL: SELECT `id`,`name` as `text`,`listorder`,`id` as `operateid`,`is_system` FROM `stoa_menu` WHERE `parentid` = 20 ORDER BY `listorder` ASC,`id` DESC  [ RunTime:0.0193s ]
SQL: SELECT `id`,`name` as `text`,`listorder`,`id` as `operateid`,`is_system` FROM `stoa_menu` WHERE `parentid` = 19 ORDER BY `listorder` ASC,`id` DESC  [ RunTime:0.0202s ]
SQL: SELECT `id`,`name` as `text`,`listorder`,`id` as `operateid`,`is_system` FROM `stoa_menu` WHERE `parentid` = 18 ORDER BY `listorder` ASC,`id` DESC  [ RunTime:0.0200s ]
SQL: SELECT `id`,`name` as `text`,`listorder`,`id` as `operateid`,`is_system` FROM `stoa_menu` WHERE `parentid` = 17 ORDER BY `listorder` ASC,`id` DESC  [ RunTime:0.0211s ]

